Log file open, 11/12/18 14:39:25
LogWindows: Failed to load 'aqProf.dll' (GetLastError=126)
LogWindows: File 'aqProf.dll' does not exist
LogWindows: Failed to load 'VtuneApi.dll' (GetLastError=126)
LogWindows: File 'VtuneApi.dll' does not exist
LogWindows: Failed to load 'VtuneApi32e.dll' (GetLastError=126)
LogWindows: File 'VtuneApi32e.dll' does not exist
LogInit: Display: Running engine for game: guia_ra
LogPlatformFile: Not using cached read wrapper
LogInit: Display: RandInit(-2043286883) SRandInit(-2043286883).
LogInit: Read version file with build ID '3944462'
LogInit: Overriding engine version to CL 4033788, compatible CL 3944462
LogInit: Registered custom module enumerator with build ID '3944462'
LogTaskGraph: Started task graph with 5 named threads and 11 total threads with 3 sets of task threads.
LogStats: Stats thread started at 0.267544
LogD3D11RHI: Aftermath initialized
LogICUInternationalization: Display: ICU TimeZone Detection - Raw Offset: -3:00, Platform Override: ''
LogModuleManager: Display: Found up-to-date module file ../../../Engine/Plugins/Runtime/GoogleARCore/Binaries/Win64/UE4Editor-GoogleARCoreBase.dll (API version 3944462).
LogModuleManager: Display: Found up-to-date module file ../../../Engine/Plugins/Runtime/GoogleARCore/Binaries/Win64/UE4Editor-GoogleARCoreRendering.dll (API version 3944462).
LogModuleManager: Display: Found up-to-date module file ../../../Engine/Plugins/Runtime/AndroidPermission/Binaries/Win64/UE4Editor-AndroidPermission.dll (API version 3944462).
LogModuleManager: Display: Found up-to-date module file ../../../Engine/Plugins/2D/Paper2D/Binaries/Win64/UE4Editor-Paper2D.dll (API version 3944462).
LogModuleManager: Display: Found up-to-date module file ../../../Engine/Plugins/2D/Paper2D/Binaries/Win64/UE4Editor-Paper2DEditor.dll (API version 3944462).
LogModuleManager: Display: Found up-to-date module file ../../../Engine/Plugins/2D/Paper2D/Binaries/Win64/UE4Editor-PaperSpriteSheetImporter.dll (API version 3944462).
LogModuleManager: Display: Found up-to-date module file ../../../Engine/Plugins/2D/Paper2D/Binaries/Win64/UE4Editor-PaperTiledImporter.dll (API version 3944462).
LogModuleManager: Display: Found up-to-date module file ../../../Engine/Plugins/2D/Paper2D/Binaries/Win64/UE4Editor-SmartSnapping.dll (API version 3944462).
LogModuleManager: Display: Found up-to-date module file ../../../Engine/Plugins/Blendables/LightPropagationVolume/Binaries/Win64/UE4Editor-LightPropagationVolumeRuntime.dll (API version 3944462).
LogModuleManager: Display: Found up-to-date module file ../../../Engine/Plugins/Blendables/LightPropagationVolume/Binaries/Win64/UE4Editor-LightPropagationVolumeEditor.dll (API version 3944462).
LogModuleManager: Display: Found up-to-date module file ../../../Engine/Plugins/Developer/CLionSourceCodeAccess/Binaries/Win64/UE4Editor-CLionSourceCodeAccess.dll (API version 3944462).
LogModuleManager: Display: Found up-to-date module file ../../../Engine/Plugins/Developer/GitSourceControl/Binaries/Win64/UE4Editor-GitSourceControl.dll (API version 3944462).
LogModuleManager: Display: Found up-to-date module file ../../../Engine/Plugins/Developer/PerforceSourceControl/Binaries/Win64/UE4Editor-PerforceSourceControl.dll (API version 3944462).
LogModuleManager: Display: Found up-to-date module file ../../../Engine/Plugins/Developer/SubversionSourceControl/Binaries/Win64/UE4Editor-SubversionSourceControl.dll (API version 3944462).
LogModuleManager: Display: Found up-to-date module file ../../../Engine/Plugins/Developer/UObjectPlugin/Binaries/Win64/UE4Editor-UObjectPlugin.dll (API version 3944462).
LogModuleManager: Display: Found up-to-date module file ../../../Engine/Plugins/Developer/VisualStudioCodeSourceCodeAccess/Binaries/Win64/UE4Editor-VisualStudioCodeSourceCodeAccess.dll (API version 3944462).
LogModuleManager: Display: Found up-to-date module file ../../../Engine/Plugins/Developer/VisualStudioSourceCodeAccess/Binaries/Win64/UE4Editor-VisualStudioSourceCodeAccess.dll (API version 3944462).
LogModuleManager: Display: Found up-to-date module file ../../../Engine/Plugins/Editor/AssetManagerEditor/Binaries/Win64/UE4Editor-AssetManagerEditor.dll (API version 3944462).
LogModuleManager: Display: Found up-to-date module file ../../../Engine/Plugins/Editor/CryptoKeys/Binaries/Win64/UE4Editor-CryptoKeys.dll (API version 3944462).
LogModuleManager: Display: Found up-to-date module file ../../../Engine/Plugins/Editor/CryptoKeys/Binaries/Win64/UE4Editor-CryptoKeysOpenSSL.dll (API version 3944462).
LogModuleManager: Display: Found up-to-date module file ../../../Engine/Plugins/Editor/DataValidation/Binaries/Win64/UE4Editor-DataValidation.dll (API version 3944462).
LogModuleManager: Display: Found up-to-date module file ../../../Engine/Plugins/Editor/FacialAnimation/Binaries/Win64/UE4Editor-FacialAnimation.dll (API version 3944462).
LogModuleManager: Display: Found up-to-date module file ../../../Engine/Plugins/Editor/FacialAnimation/Binaries/Win64/UE4Editor-FacialAnimationEditor.dll (API version 3944462).
LogModuleManager: Display: Found up-to-date module file ../../../Engine/Plugins/Editor/GameplayTagsEditor/Binaries/Win64/UE4Editor-GameplayTagsEditor.dll (API version 3944462).
LogModuleManager: Display: Found up-to-date module file ../../../Engine/Plugins/Editor/MobileLauncherProfileWizard/Binaries/Win64/UE4Editor-MobileLauncherProfileWizard.dll (API version 3944462).
LogModuleManager: Display: Found up-to-date module file ../../../Engine/Plugins/Editor/PluginBrowser/Binaries/Win64/UE4Editor-PluginBrowser.dll (API version 3944462).
LogModuleManager: Display: Found up-to-date module file ../../../Engine/Plugins/Editor/SpeedTreeImporter/Binaries/Win64/UE4Editor-SpeedTreeImporter.dll (API version 3944462).
LogModuleManager: Display: Found up-to-date module file ../../../Engine/Plugins/Enterprise/DatasmithContent/Binaries/Win64/UE4Editor-DatasmithContent.dll (API version 3944462).
LogModuleManager: Display: Found up-to-date module file ../../../Engine/Plugins/Experimental/AlembicImporter/Binaries/Win64/UE4Editor-AlembicImporter.dll (API version 3944462).
LogModuleManager: Display: Found up-to-date module file ../../../Engine/Plugins/Experimental/AlembicImporter/Binaries/Win64/UE4Editor-AlembicLibrary.dll (API version 3944462).
LogModuleManager: Display: Found up-to-date module file ../../../Engine/Plugins/Experimental/CharacterAI/Binaries/Win64/UE4Editor-CharacterAI.dll (API version 3944462).
LogModuleManager: Display: Found up-to-date module file ../../../Engine/Plugins/Experimental/HTML5Networking/Binaries/Win64/UE4Editor-HTML5Networking.dll (API version 3944462).
LogModuleManager: Display: Found up-to-date module file ../../../Engine/Plugins/Media/AndroidMedia/Binaries/Win64/UE4Editor-AndroidMediaEditor.dll (API version 3944462).
LogModuleManager: Display: Found up-to-date module file ../../../Engine/Plugins/Media/AndroidMedia/Binaries/Win64/UE4Editor-AndroidMediaFactory.dll (API version 3944462).
LogModuleManager: Display: Found up-to-date module file ../../../Engine/Plugins/Media/AvfMedia/Binaries/Win64/UE4Editor-AvfMediaEditor.dll (API version 3944462).
LogModuleManager: Display: Found up-to-date module file ../../../Engine/Plugins/Media/AvfMedia/Binaries/Win64/UE4Editor-AvfMediaFactory.dll (API version 3944462).
LogModuleManager: Display: Found up-to-date module file ../../../Engine/Plugins/Media/AvfMedia/Binaries/Win64/UE4Editor-AvfMediaFactory.dll (API version 3944462).
LogModuleManager: Display: Found up-to-date module file ../../../Engine/Plugins/Media/ImgMedia/Binaries/Win64/UE4Editor-ImgMedia.dll (API version 3944462).
LogModuleManager: Display: Found up-to-date module file ../../../Engine/Plugins/Media/ImgMedia/Binaries/Win64/UE4Editor-ImgMediaEditor.dll (API version 3944462).
LogModuleManager: Display: Found up-to-date module file ../../../Engine/Plugins/Media/ImgMedia/Binaries/Win64/UE4Editor-ImgMediaFactory.dll (API version 3944462).
LogModuleManager: Display: Found up-to-date module file ../../../Engine/Plugins/Media/ImgMedia/Binaries/Win64/UE4Editor-ImgMediaFactory.dll (API version 3944462).
LogModuleManager: Display: Found up-to-date module file ../../../Engine/Plugins/Media/ImgMedia/Binaries/Win64/UE4Editor-OpenExrWrapper.dll (API version 3944462).
LogModuleManager: Display: Found up-to-date module file ../../../Engine/Plugins/Media/LinearTimecode/Binaries/Win64/UE4Editor-LinearTimecode.dll (API version 3944462).
LogModuleManager: Display: Found up-to-date module file ../../../Engine/Plugins/Media/MediaCompositing/Binaries/Win64/UE4Editor-MediaCompositing.dll (API version 3944462).
LogModuleManager: Display: Found up-to-date module file ../../../Engine/Plugins/Media/MediaCompositing/Binaries/Win64/UE4Editor-MediaCompositingEditor.dll (API version 3944462).
LogModuleManager: Display: Found up-to-date module file ../../../Engine/Plugins/Media/MediaPlayerEditor/Binaries/Win64/UE4Editor-MediaPlayerEditor.dll (API version 3944462).
LogModuleManager: Display: Found up-to-date module file ../../../Engine/Plugins/Media/WmfMedia/Binaries/Win64/UE4Editor-WmfMedia.dll (API version 3944462).
LogModuleManager: Display: Found up-to-date module file ../../../Engine/Plugins/Media/WmfMedia/Binaries/Win64/UE4Editor-WmfMediaEditor.dll (API version 3944462).
LogModuleManager: Display: Found up-to-date module file ../../../Engine/Plugins/Media/WmfMedia/Binaries/Win64/UE4Editor-WmfMediaFactory.dll (API version 3944462).
LogModuleManager: Display: Found up-to-date module file ../../../Engine/Plugins/Media/WmfMedia/Binaries/Win64/UE4Editor-WmfMediaFactory.dll (API version 3944462).
LogModuleManager: Display: Found up-to-date module file ../../../Engine/Plugins/Messaging/TcpMessaging/Binaries/Win64/UE4Editor-TcpMessaging.dll (API version 3944462).
LogModuleManager: Display: Found up-to-date module file ../../../Engine/Plugins/Messaging/UdpMessaging/Binaries/Win64/UE4Editor-UdpMessaging.dll (API version 3944462).
LogModuleManager: Display: Found up-to-date module file ../../../Engine/Plugins/MovieScene/ActorSequence/Binaries/Win64/UE4Editor-ActorSequence.dll (API version 3944462).
LogModuleManager: Display: Found up-to-date module file ../../../Engine/Plugins/MovieScene/LevelSequenceEditor/Binaries/Win64/UE4Editor-LevelSequenceEditor.dll (API version 3944462).
LogModuleManager: Display: Found up-to-date module file ../../../Engine/Plugins/MovieScene/MatineeToLevelSequence/Binaries/Win64/UE4Editor-MatineeToLevelSequence.dll (API version 3944462).
LogModuleManager: Display: Found up-to-date module file ../../../Engine/Plugins/NetcodeUnitTest/NetcodeUnitTest/Binaries/Win64/UE4Editor-NetcodeUnitTest.dll (API version 3944462).
LogModuleManager: Display: Found up-to-date module file ../../../Engine/Plugins/NetcodeUnitTest/NUTUnrealEngine4/Binaries/Win64/UE4Editor-NUTUnrealEngine4.dll (API version 3944462).
LogModuleManager: Display: Found up-to-date module file ../../../Engine/Plugins/Online/OnlineSubsystem/Binaries/Win64/UE4Editor-OnlineSubsystem.dll (API version 3944462).
LogModuleManager: Display: Found up-to-date module file ../../../Engine/Plugins/Online/OnlineSubsystemNull/Binaries/Win64/UE4Editor-OnlineSubsystemNull.dll (API version 3944462).
LogModuleManager: Display: Found up-to-date module file ../../../Engine/Plugins/Online/OnlineSubsystemUtils/Binaries/Win64/UE4Editor-OnlineSubsystemUtils.dll (API version 3944462).
LogModuleManager: Display: Found up-to-date module file ../../../Engine/Plugins/Online/OnlineSubsystemUtils/Binaries/Win64/UE4Editor-OnlineBlueprintSupport.dll (API version 3944462).
LogModuleManager: Display: Found up-to-date module file ../../../Engine/Plugins/Runtime/AndroidDeviceProfileSelector/Binaries/Win64/UE4Editor-AndroidDeviceProfileSelector.dll (API version 3944462).
LogModuleManager: Display: Found up-to-date module file ../../../Engine/Plugins/Runtime/AppleARKit/Binaries/Win64/UE4Editor-AppleARKit.dll (API version 3944462).
LogModuleManager: Display: Found up-to-date module file ../../../Engine/Plugins/Runtime/ProceduralMeshComponent/Binaries/Win64/UE4Editor-ProceduralMeshComponent.dll (API version 3944462).
LogModuleManager: Display: Found up-to-date module file ../../../Engine/Plugins/Runtime/ProceduralMeshComponent/Binaries/Win64/UE4Editor-ProceduralMeshComponentEditor.dll (API version 3944462).
LogModuleManager: Display: Found up-to-date module file ../../../Engine/Plugins/Animation/LiveLink/Binaries/Win64/UE4Editor-LiveLink.dll (API version 3944462).
LogModuleManager: Display: Found up-to-date module file ../../../Engine/Plugins/Animation/LiveLink/Binaries/Win64/UE4Editor-LiveLinkEditor.dll (API version 3944462).
LogModuleManager: Display: Found up-to-date module file ../../../Engine/Plugins/Runtime/ArchVisCharacter/Binaries/Win64/UE4Editor-ArchVisCharacter.dll (API version 3944462).
LogModuleManager: Display: Found up-to-date module file ../../../Engine/Plugins/Runtime/AudioCapture/Binaries/Win64/UE4Editor-AudioCapture.dll (API version 3944462).
LogModuleManager: Display: Found up-to-date module file ../../../Engine/Plugins/Runtime/AudioCapture/Binaries/Win64/UE4Editor-AudioCaptureEditor.dll (API version 3944462).
LogModuleManager: Display: Found up-to-date module file ../../../Engine/Plugins/Runtime/CableComponent/Binaries/Win64/UE4Editor-CableComponent.dll (API version 3944462).
LogModuleManager: Display: Found up-to-date module file ../../../Engine/Plugins/Runtime/CustomMeshComponent/Binaries/Win64/UE4Editor-CustomMeshComponent.dll (API version 3944462).
LogModuleManager: Display: Found up-to-date module file ../../../Engine/Plugins/Runtime/ExampleDeviceProfileSelector/Binaries/Win64/UE4Editor-ExampleDeviceProfileSelector.dll (API version 3944462).
LogModuleManager: Display: Found up-to-date module file ../../../Engine/Plugins/Runtime/ImmediatePhysics/Binaries/Win64/UE4Editor-ImmediatePhysics.dll (API version 3944462).
LogModuleManager: Display: Found up-to-date module file ../../../Engine/Plugins/Runtime/ImmediatePhysics/Binaries/Win64/UE4Editor-ImmediatePhysicsEditor.dll (API version 3944462).
LogModuleManager: Display: Found up-to-date module file ../../../Engine/Plugins/Runtime/LocationServicesBPLibrary/Binaries/Win64/UE4Editor-LocationServicesBPLibrary.dll (API version 3944462).
LogModuleManager: Display: Found up-to-date module file ../../../Engine/Plugins/Runtime/MobilePatchingUtils/Binaries/Win64/UE4Editor-MobilePatchingUtils.dll (API version 3944462).
LogModuleManager: Display: Found up-to-date module file ../../../Engine/Plugins/Runtime/Oculus/OculusVR/Binaries/Win64/UE4Editor-OculusHMD.dll (API version 3944462).
LogModuleManager: Display: Found up-to-date module file ../../../Engine/Plugins/Runtime/Oculus/OculusVR/Binaries/Win64/UE4Editor-OculusInput.dll (API version 3944462).
LogModuleManager: Display: Found up-to-date module file ../../../Engine/Plugins/Runtime/Oculus/OculusVR/Binaries/Win64/UE4Editor-OculusEditor.dll (API version 3944462).
LogModuleManager: Display: Found up-to-date module file ../../../Engine/Plugins/Runtime/PhysXVehicles/Binaries/Win64/UE4Editor-PhysXVehicles.dll (API version 3944462).
LogModuleManager: Display: Found up-to-date module file ../../../Engine/Plugins/Runtime/PhysXVehicles/Binaries/Win64/UE4Editor-PhysXVehiclesEditor.dll (API version 3944462).
LogModuleManager: Display: Found up-to-date module file ../../../Engine/Plugins/Runtime/RuntimePhysXCooking/Binaries/Win64/UE4Editor-RuntimePhysXCooking.dll (API version 3944462).
LogModuleManager: Display: Found up-to-date module file ../../../Engine/Plugins/Runtime/Steam/SteamVR/Binaries/Win64/UE4Editor-SteamVR.dll (API version 3944462).
LogModuleManager: Display: Found up-to-date module file ../../../Engine/Plugins/Runtime/Steam/SteamVR/Binaries/Win64/UE4Editor-SteamVRController.dll (API version 3944462).
LogModuleManager: Display: Found up-to-date module file ../../../Engine/Plugins/Runtime/WindowsMoviePlayer/Binaries/Win64/UE4Editor-WindowsMoviePlayer.dll (API version 3944462).
LogPluginManager: Mounting plugin Paper2D
LogPluginManager: Mounting plugin LiveLink
LogPluginManager: Mounting plugin LightPropagationVolume
LogPluginManager: Mounting plugin CLionSourceCodeAccess
LogPluginManager: Mounting plugin CodeLiteSourceCodeAccess
LogPluginManager: Mounting plugin GitSourceControl
LogPluginManager: Mounting plugin KDevelopSourceCodeAccess
LogPluginManager: Mounting plugin NullSourceCodeAccess
LogPluginManager: Mounting plugin PerforceSourceControl
LogPluginManager: Mounting plugin SubversionSourceControl
LogPluginManager: Mounting plugin UObjectPlugin
LogPluginManager: Mounting plugin VisualStudioCodeSourceCodeAccess
LogPluginManager: Mounting plugin VisualStudioSourceCodeAccess
LogPluginManager: Mounting plugin XCodeSourceCodeAccess
LogPluginManager: Mounting plugin AssetManagerEditor
LogPluginManager: Mounting plugin CryptoKeys
LogPluginManager: Mounting plugin DataValidation
LogPluginManager: Mounting plugin FacialAnimation
LogPluginManager: Mounting plugin GameplayTagsEditor
LogPluginManager: Mounting plugin MobileLauncherProfileWizard
LogPluginManager: Mounting plugin PluginBrowser
LogPluginManager: Mounting plugin SpeedTreeImporter
LogPluginManager: Mounting plugin DatasmithContent
LogPluginManager: Mounting plugin AlembicImporter
LogPluginManager: Mounting plugin CharacterAI
LogPluginManager: Mounting plugin HTML5Networking
LogPluginManager: Mounting plugin AndroidMedia
LogPluginManager: Mounting plugin AvfMedia
LogPluginManager: Mounting plugin ImgMedia
LogPluginManager: Mounting plugin LinearTimecode
LogPluginManager: Mounting plugin MediaCompositing
LogPluginManager: Mounting plugin MediaPlayerEditor
LogPluginManager: Mounting plugin WmfMedia
LogPluginManager: Mounting plugin TcpMessaging
LogPluginManager: Mounting plugin UdpMessaging
LogPluginManager: Mounting plugin ActorSequence
LogPluginManager: Mounting plugin LevelSequenceEditor
LogPluginManager: Mounting plugin MatineeToLevelSequence
LogPluginManager: Mounting plugin NetcodeUnitTest
LogPluginManager: Mounting plugin NUTUnrealEngine4
LogPluginManager: Mounting plugin OnlineSubsystemGooglePlay
LogPluginManager: Mounting plugin OnlineSubsystemIOS
LogPluginManager: Mounting plugin OnlineSubsystem
LogPluginManager: Mounting plugin OnlineSubsystemNull
LogPluginManager: Mounting plugin OnlineSubsystemUtils
LogPluginManager: Mounting plugin AndroidDeviceProfileSelector
LogPluginManager: Mounting plugin AndroidMoviePlayer
LogPluginManager: Mounting plugin AndroidPermission
LogPluginManager: Mounting plugin AppleARKit
LogPluginManager: Mounting plugin AppleMoviePlayer
LogPluginManager: Mounting plugin ArchVisCharacter
LogPluginManager: Mounting plugin AudioCapture
LogPluginManager: Mounting plugin CableComponent
LogPluginManager: Mounting plugin CustomMeshComponent
LogPluginManager: Mounting plugin ExampleDeviceProfileSelector
LogPluginManager: Mounting plugin GoogleARCore
LogPluginManager: Mounting plugin GoogleCloudMessaging
LogPluginManager: Mounting plugin ImmediatePhysics
LogPluginManager: Mounting plugin IOSDeviceProfileSelector
LogPluginManager: Mounting plugin LinuxDeviceProfileSelector
LogPluginManager: Mounting plugin LocationServicesBPLibrary
LogPluginManager: Mounting plugin MobilePatchingUtils
LogPluginManager: Mounting plugin OculusVR
LogPluginManager: Plugin shader directory ../../../Engine/Plugins/Runtime/Oculus/OculusVR/Shaders found
LogPluginManager: Mapping shader source directory ../../../Engine/Plugins/Runtime/Oculus/OculusVR/Shaders to virtual directory /Plugin/OculusVR
LogPluginManager: Mounting plugin PhysXVehicles
LogPluginManager: Mounting plugin ProceduralMeshComponent
LogPluginManager: Mounting plugin RuntimePhysXCooking
LogPluginManager: Mounting plugin SteamVR
LogPluginManager: Mounting plugin WindowsMoviePlayer
LogStreaming: Display: Took  5.042s to configure plugins.
LogInit: Using libcurl 7.47.1
LogInit:  - built for x86_64-pc-win32
LogInit:  - supports SSL with OpenSSL/1.0.2g
LogInit:  - supports HTTP deflate (compression) using libz 1.2.8
LogInit:  - other features:
LogInit:      CURL_VERSION_SSL
LogInit:      CURL_VERSION_LIBZ
LogInit:      CURL_VERSION_IPV6
LogInit:      CURL_VERSION_ASYNCHDNS
LogInit:      CURL_VERSION_LARGEFILE
LogInit:      CURL_VERSION_IDN
LogInit:  CurlRequestOptions (configurable via config and command line):
LogInit:  - bVerifyPeer = false  - Libcurl will NOT verify peer certificate
LogInit:  - bUseHttpProxy = false  - Libcurl will NOT use HTTP proxy
LogInit:  - bDontReuseConnections = false  - Libcurl will reuse connections
LogInit:  - CertBundlePath = nullptr  - Libcurl will use whatever was configured at build time.
LogInit:  - MaxHostConnections = 16  - Libcurl will limit the number of connections to a host
LogInit:  - LocalHostAddr = Default
LogInit: WinSock: version 1.1 (2.2), MaxSocks=32767, MaxUdp=65467
LogInit: WinSock: I am PedroChazanas (10.144.10.166:0)
LogInit: Build: ++UE4+Release-4.19-CL-4033788
LogInit: Engine Version: 4.19.2-4033788+++UE4+Release-4.19
LogInit: Compatible Engine Version: 4.19.0-3944462+++UE4+Release-4.19
LogInit: Net CL: 3944462
LogDevObjectVersion: Number of dev versions registered: 18
LogDevObjectVersion:   Dev-Blueprints (B0D832E4-1F89-4F0D-ACCF-7EB736FD4AA2): 10
LogDevObjectVersion:   Dev-Build (E1C64328-A22C-4D53-A36C-8E866417BD8C): 0
LogDevObjectVersion:   Dev-Core (375EC13C-06E4-48FB-B500-84F0262A717E): 2
LogDevObjectVersion:   Dev-Editor (E4B068ED-F494-42E9-A231-DA0B2E46BB41): 23
LogDevObjectVersion:   Dev-Framework (CFFC743F-43B0-4480-9391-14DF171D2073): 33
LogDevObjectVersion:   Dev-Mobile (B02B49B5-BB20-44E9-A304-32B752E40360): 2
LogDevObjectVersion:   Dev-Networking (A4E4105C-59A1-49B5-A7C5-40C4547EDFEE): 0
LogDevObjectVersion:   Dev-Online (39C831C9-5AE6-47DC-9A44-9C173E1C8E7C): 0
LogDevObjectVersion:   Dev-Physics (78F01B33-EBEA-4F98-B9B4-84EACCB95AA2): 0
LogDevObjectVersion:   Dev-Platform (6631380F-2D4D-43E0-8009-CF276956A95A): 0
LogDevObjectVersion:   Dev-Rendering (12F88B9F-8875-4AFC-A67C-D90C383ABD29): 25
LogDevObjectVersion:   Dev-Sequencer (7B5AE74C-D270-4C10-A958-57980B212A5A): 6
LogDevObjectVersion:   Dev-VR (D7296918-1DD6-4BDD-9DE2-64A83CC13884): 1
LogDevObjectVersion:   Dev-LoadTimes (C2A15278-BFE7-4AFE-6C17-90FF531DF755): 1
LogDevObjectVersion:   Private-Geometry (6EACA3D4-40EC-4CC1-B786-8BED09428FC5): 2
LogDevObjectVersion:   Dev-AnimPhys (29E575DD-E0A3-4627-9D10-D276232CDCEA): 16
LogDevObjectVersion:   Dev-ReflectionCapture (6B266CEC-1EC7-4B8F-A30B-E4D90942FC07): 1
LogDevObjectVersion:   Dev-Automation (0DF73D61-A23F-47EA-B727-89E90C41499A): 1
LogInit: Compiled (64-bit): Apr 27 2018 02:06:57
LogInit: Compiled with Visual C++: 19.00.24215.01
LogInit: Build Configuration: Development
LogInit: Branch Name: ++UE4+Release-4.19
LogInit: Command Line: -EpicPortal  -epicusername="chazanas" -epicuserid=1896bf41fe3843e4b0713576eda185c4 -epiclocale=pt-BR
LogInit: Base Directory: C:/Program Files/Epic Games/UE_4.19/Engine/Binaries/Win64/
LogInit: Installed Engine Build: 1
LogStreaming: Display: Took  0.004s to delete old logs.
LogInit: Presizing for max 8388607 objects, including 0 objects not considered by GC, pre-allocating 0 bytes for permanent pool.
LogInit: Object subsystem initialized
[2018.11.12-16.39.30:448][  0]LogInit: Selected Device Profile: [Windows]
[2018.11.12-16.39.30:448][  0]LogInit: Applying CVar settings loaded from the selected device profile: [Windows]
[2018.11.12-16.39.30:627][  0]LogInit: Computer: PEDROCHAZANAS
[2018.11.12-16.39.30:627][  0]LogInit: User: plnch
[2018.11.12-16.39.30:627][  0]LogInit: CPU Page size=4096, Cores=2
[2018.11.12-16.39.30:627][  0]LogInit: High frequency timer resolution =2.338343 MHz
[2018.11.12-16.39.30:627][  0]LogMemory: Memory total: Physical=7.9GB (8GB approx)
[2018.11.12-16.39.30:627][  0]LogMemory: Platform Memory Stats for Windows
[2018.11.12-16.39.30:627][  0]LogMemory: Process Physical Memory: 274.50 MB used, 274.50 MB peak
[2018.11.12-16.39.30:627][  0]LogMemory: Process Virtual Memory: 263.95 MB used, 263.95 MB peak
[2018.11.12-16.39.30:627][  0]LogMemory: Physical Memory: 5385.72 MB used,  2722.72 MB free, 8108.44 MB total
[2018.11.12-16.39.30:627][  0]LogMemory: Virtual Memory: 4781.12 MB used,  2722.72 MB free, 134217728.00 MB total
[2018.11.12-16.39.30:670][  0]LogInit: Overriding language with editor language configuration option (en).
[2018.11.12-16.39.30:670][  0]LogInit: Overriding locale with editor locale configuration option (en).
[2018.11.12-16.39.31:728][  0]LogStreaming: Display: Took  1.058s to EndInitTextLocalization.
[2018.11.12-16.39.31:729][  0]LogInit: Setting process to per monitor DPI aware
[2018.11.12-16.39.31:907][  0]LogSlate: New Slate User Created.  User Index 0, Is Virtual User: 0
[2018.11.12-16.39.31:907][  0]LogSlate: Slate User Registered.  User Index 0, Is Virtual User: 0
[2018.11.12-16.39.38:528][  0]LogD3D11RHI: D3D11 adapters:
[2018.11.12-16.39.38:662][  0]LogD3D11RHI:    0. 'NVIDIA GeForce 920M' (Feature Level 11_0)
[2018.11.12-16.39.38:662][  0]LogD3D11RHI:       2009/0/4054 MB DedicatedVideo/DedicatedSystem/SharedSystem, Outputs:1, VendorId:0x10de
[2018.11.12-16.39.38:673][  0]LogD3D11RHI:    1. 'Intel(R) HD Graphics Family' (Feature Level 11_0)
[2018.11.12-16.39.38:673][  0]LogD3D11RHI:       112/0/2048 MB DedicatedVideo/DedicatedSystem/SharedSystem, Outputs:0, VendorId:0x8086
[2018.11.12-16.39.38:679][  0]LogD3D11RHI:    2. 'Microsoft Basic Render Driver' (Feature Level 11_0)
[2018.11.12-16.39.38:679][  0]LogD3D11RHI:       0/0/4054 MB DedicatedVideo/DedicatedSystem/SharedSystem, Outputs:0, VendorId:0x1414
[2018.11.12-16.39.38:679][  0]LogD3D11RHI: Chosen D3D11 Adapter: 0
[2018.11.12-16.39.38:723][  0]LogD3D11RHI: Creating new Direct3DDevice
[2018.11.12-16.39.38:723][  0]LogD3D11RHI:     GPU DeviceId: 0x1299 (for the marketing name, search the web for "GPU Device Id")
[2018.11.12-16.39.38:723][  0]LogWindows: EnumDisplayDevices:
[2018.11.12-16.39.38:723][  0]LogWindows:    0. 'Intel(R) HD Graphics Family' (P:1 D:1)
[2018.11.12-16.39.38:724][  0]LogWindows:    1. 'Intel(R) HD Graphics Family' (P:0 D:0)
[2018.11.12-16.39.38:724][  0]LogWindows:    2. 'Intel(R) HD Graphics Family' (P:0 D:0)
[2018.11.12-16.39.38:724][  0]LogWindows: DebugString: GetVideoDriverDetailsInvalid PrimaryIsNotTheChoosenAdapter GetVideoDriverDetailsInvalid PrimaryIsNotTheChoosenAdapter GetVideoDriverDetailsInvalid PrimaryIsNotTheChoosenAdapter FoundDriverCount:0 
[2018.11.12-16.39.38:724][  0]LogD3D11RHI:     Adapter Name: NVIDIA GeForce 920M
[2018.11.12-16.39.38:724][  0]LogD3D11RHI:   Driver Version: Unknown (internal:Unknown, unified:Unknown)
[2018.11.12-16.39.38:725][  0]LogD3D11RHI:      Driver Date: Unknown
[2018.11.12-16.39.38:725][  0]LogRHI: Texture pool is 1406 MB (70% of 2009 MB)
[2018.11.12-16.39.38:798][  0]LogD3D11RHI: [Aftermath] Aftermath enabled and primed
[2018.11.12-16.39.38:798][  0]LogD3D11RHI: Async texture creation enabled
[2018.11.12-16.39.38:823][  0]LogD3D11RHI: GPU Timing Frequency: 1000.000000 (Debug: 2 2)
[2018.11.12-16.39.38:825][  0]LogShaderCompilers: Guid format shader working directory is 12 characters bigger than the processId version (../../../../../../guia_ra/guia_ra/Intermediate/Shaders/WorkingDirectory/12688/).
[2018.11.12-16.39.38:825][  0]LogShaderCompilers: Cleaned the shader compiler working directory 'C:/Users/plnch/AppData/Local/Temp/UnrealShaderWorkingDir/57D6F99D4B00186E65E7AB8E78444DEE/'.
[2018.11.12-16.39.39:309][  0]LogTemp: Display: Loaded TP AllDesktopTargetPlatform
[2018.11.12-16.39.39:334][  0]LogTemp: Display: Loaded TP MacClientTargetPlatform
[2018.11.12-16.39.39:357][  0]LogTemp: Display: Loaded TP MacNoEditorTargetPlatform
[2018.11.12-16.39.39:380][  0]LogTemp: Display: Loaded TP MacServerTargetPlatform
[2018.11.12-16.39.39:428][  0]LogTemp: Display: Loaded TP MacTargetPlatform
[2018.11.12-16.39.39:451][  0]LogTemp: Display: Loaded TP WindowsClientTargetPlatform
[2018.11.12-16.39.39:474][  0]LogTemp: Display: Loaded TP WindowsNoEditorTargetPlatform
[2018.11.12-16.39.39:498][  0]LogTemp: Display: Loaded TP WindowsServerTargetPlatform
[2018.11.12-16.39.39:511][  0]LogTemp: Display: Loaded TP WindowsTargetPlatform
[2018.11.12-16.39.39:531][  0]LogTemp: Display: Loaded TP Android_ASTCTargetPlatform
[2018.11.12-16.39.39:549][  0]LogTemp: Display: Loaded TP Android_ATCTargetPlatform
[2018.11.12-16.39.39:568][  0]LogTemp: Display: Loaded TP Android_DXTTargetPlatform
[2018.11.12-16.39.39:587][  0]LogTemp: Display: Loaded TP Android_ETC1aTargetPlatform
[2018.11.12-16.39.39:606][  0]LogTemp: Display: Loaded TP Android_ETC1TargetPlatform
[2018.11.12-16.39.39:625][  0]LogTemp: Display: Loaded TP Android_ETC2TargetPlatform
[2018.11.12-16.39.39:665][  0]LogTemp: Display: Loaded TP Android_MultiTargetPlatform
[2018.11.12-16.39.39:665][  0]LogTemp: Display: Loaded TP Android_PVRTCTargetPlatform
[2018.11.12-16.39.39:718][  0]LogTemp: Display: Loaded TP AndroidTargetPlatform
[2018.11.12-16.39.39:721][  0]LogTemp: Display: Loaded TP HTML5TargetPlatform
[2018.11.12-16.39.39:793][  0]LogTemp: Display: Loaded TP IOSTargetPlatform
[2018.11.12-16.39.39:811][  0]LogTemp: Display: Loaded TP TVOSTargetPlatform
[2018.11.12-16.39.39:830][  0]LogTemp: Display: Loaded TP LinuxClientTargetPlatform
[2018.11.12-16.39.39:848][  0]LogTemp: Display: Loaded TP LinuxNoEditorTargetPlatform
[2018.11.12-16.39.39:866][  0]LogTemp: Display: Loaded TP LinuxServerTargetPlatform
[2018.11.12-16.39.39:922][  0]LogTemp: Display: Loaded TP LinuxTargetPlatform
[2018.11.12-16.39.39:922][  0]LogTargetPlatformManager: Display: Building Assets For Windows
[2018.11.12-16.39.40:227][  0]LogXGEController: Cannot use XGE Controller as Incredibuild is not installed on this machine.
[2018.11.12-16.39.40:227][  0]LogShaderCompilers: Cannot use XGE Shader Compiler as Incredibuild is not installed on this machine.
[2018.11.12-16.39.40:227][  0]LogShaderCompilers: Display: Using Local Shader Compiler.
[2018.11.12-16.39.44:935][  0]LogDerivedDataCache: Display: Max Cache Size: 512 MB
[2018.11.12-16.39.45:118][  0]LogDerivedDataCache: Loaded boot cache 0.18s 74MB C:/Users/plnch/AppData/Local/UnrealEngine/4.19/DerivedDataCache/Boot.ddc.
[2018.11.12-16.39.45:129][  0]LogDerivedDataCache: Display: Loaded Boot cache: C:/Users/plnch/AppData/Local/UnrealEngine/4.19/DerivedDataCache/Boot.ddc
[2018.11.12-16.39.45:129][  0]LogDerivedDataCache: FDerivedDataBackendGraph:  Pak pak cache file ../../../../../../guia_ra/guia_ra/DerivedDataCache/DDC.ddp not found, will not use a pak cache.
[2018.11.12-16.39.45:129][  0]LogDerivedDataCache: Unable to find inner node Pak for hierarchical cache Hierarchy.
[2018.11.12-16.39.45:129][  0]LogDerivedDataCache: FDerivedDataBackendGraph:  CompressedPak pak cache file ../../../../../../guia_ra/guia_ra/DerivedDataCache/Compressed.ddp not found, will not use a pak cache.
[2018.11.12-16.39.45:129][  0]LogDerivedDataCache: Unable to find inner node CompressedPak for hierarchical cache Hierarchy.
[2018.11.12-16.39.45:161][  0]LogDerivedDataCache: Display: Pak cache opened for reading ../../../Engine/DerivedDataCache/Compressed.ddp.
[2018.11.12-16.39.45:179][  0]LogDerivedDataCache: Using Local data cache path C:/Users/plnch/AppData/Local/UnrealEngine/Common/DerivedDataCache: Writable
[2018.11.12-16.39.45:179][  0]LogDerivedDataCache: Shared data cache path not found in *engine.ini, will not use an Shared cache.
[2018.11.12-16.39.45:179][  0]LogDerivedDataCache: Unable to find inner node Shared for hierarchical cache Hierarchy.
[2018.11.12-16.39.45:207][  0]LogMaterial: Verifying Global Shaders for PCD3D_SM5
[2018.11.12-16.39.45:208][  0]LogSlate: Using Freetype 2.6.0
[2018.11.12-16.39.45:248][  0]LogSlate: SlateFontCache - WITH_FREETYPE: 1, WITH_HARFBUZZ: 1
[2018.11.12-16.39.45:248][  0]LogSlate: SlateFontCache - WITH_FREETYPE: 1, WITH_HARFBUZZ: 1
[2018.11.12-16.39.48:995][  0]LogAssetRegistry: FAssetRegistry took 0.0287 seconds to start up
[2018.11.12-16.39.49:546][  0]LogInit: Selected Device Profile: [Windows]
[2018.11.12-16.39.49:841][  0]LogSimplygon: Simplygon DLL not present - disabling.
[2018.11.12-16.39.49:848][  0]LogMeshReduction: Using SimplygonSwarm for distributed automatic mesh merging
[2018.11.12-16.39.49:848][  0]LogMeshReduction: Using QuadricMeshReduction for automatic static mesh reduction
[2018.11.12-16.39.49:848][  0]LogMeshReduction: No automatic skeletal mesh reduction module available
[2018.11.12-16.39.49:848][  0]LogMeshReduction: No automatic mesh merging module available
[2018.11.12-16.39.49:848][  0]LogMeshMerging: No automatic mesh merging module available
[2018.11.12-16.39.49:923][  0]LogNetVersion: guia_ra , NetCL: 3944462, EngineNetVer: 2, GameNetVer: 0 (Checksum: 1615601616)
[2018.11.12-16.39.50:918][  0]LogPackageLocalizationCache: Processed 10 localized package path(s) for 1 prioritized culture(s) in 0.121067 seconds
[2018.11.12-16.39.50:926][  0]LogUObjectArray: 36745 objects as part of root set at end of initial load.
[2018.11.12-16.39.50:926][  0]LogUObjectAllocator: 7321960 out of 0 bytes used by permanent object pool.
[2018.11.12-16.39.50:926][  0]LogUObjectArray: CloseDisregardForGC: 0/0 objects in disregard for GC pool
[2018.11.12-16.40.36:477][  0]LogTcpMessaging: Initializing TcpMessaging bridge
[2018.11.12-16.40.36:549][  0]LogUdpMessaging: Initializing bridge on interface 0.0.0.0:0 to multicast group 230.0.0.1:6666.
[2018.11.12-16.40.38:194][  0]SourceControl: Source control is disabled
[2018.11.12-16.40.38:194][  0]SourceControl: Source control is disabled
[2018.11.12-16.40.38:261][  0]SourceControl: Source control is disabled
[2018.11.12-16.40.38:328][  0]SourceControl: Source control is disabled
[2018.11.12-16.40.40:084][  0]LogAndroidPermission: UAndroidPermissionCallbackProxy::GetInstance
[2018.11.12-16.40.40:998][  0]LogOcInput: OculusInput pre-init called
[2018.11.12-16.40.41:439][  0]LogEngine: Initializing Engine...
[2018.11.12-16.40.41:443][  0]LogHMD: Failed to initialize OpenVR with code 110
[2018.11.12-16.40.41:456][  0]LogStats: UGameplayTagsManager::ConstructGameplayTagTree: Construct from data asset -  0.000 s
[2018.11.12-16.40.41:456][  0]LogStats: UGameplayTagsManager::ConstructGameplayTagTree: GameplayTagTreeChangedEvent.Broadcast -  0.000 s
[2018.11.12-16.40.41:950][  0]LogAIModule: Creating AISystem for world Untitled
[2018.11.12-16.40.42:031][  0]LogInit: XAudio2 using 'Fones de ouvido / Alto falantes (Realtek High Definition Audio)' : 2 channels at 48 kHz using 32 bits per sample (channel mask 0x3)
[2018.11.12-16.40.42:129][  0]LogInit: FAudioDevice initialized.
[2018.11.12-16.40.43:338][  0]LogDerivedDataCache: Saved boot cache 1.21s 74MB C:/Users/plnch/AppData/Local/UnrealEngine/4.19/DerivedDataCache/Boot.ddc.
[2018.11.12-16.40.43:347][  0]LogInit: Texture streaming: Enabled
[2018.11.12-16.40.43:405][  0]LogEngineSessionManager: EngineSessionManager initialized
[2018.11.12-16.40.43:611][  0]LogInit: Transaction tracking system initialized
[2018.11.12-16.40.43:689][  0]BlueprintLog: New page: Editor Load
[2018.11.12-16.40.44:046][  0]LocalizationService: Localization service is disabled
[2018.11.12-16.40.44:371][  0]LogUObjectGlobals: Created PersistentFrame Addr=0x00000175f3375600, Size=88, Default__Landscape_Sculpt_Mode_C Function /Engine/Tutorial/Landscape/Landscape_Sculpt_Mode.Landscape_Sculpt_Mode_C:ExecuteUbergraph_Landscape_Sculpt_Mode
[2018.11.12-16.40.44:376][  0]LogUObjectGlobals: Destroyed PersistentFrame Addr=0x00000175f3375600, Size=88
[2018.11.12-16.40.44:376][  0]LogUObjectGlobals: Created PersistentFrame Addr=0x00000175f3375600, Size=88, Default__Landscape_Sculpt_Mode_C Function /Engine/Transient.REINST_Landscape_Sculpt_Mode_C_3:ExecuteUbergraph_Landscape_Sculpt_Mode
[2018.11.12-16.40.44:381][  0]LogUObjectGlobals: Created PersistentFrame Addr=0x00000175f327f150, Size=80, Default__Landscape_Sculpt_Mode_C Function /Engine/Tutorial/Landscape/Landscape_Sculpt_Mode.Landscape_Sculpt_Mode_C:ExecuteUbergraph_Landscape_Sculpt_Mode
[2018.11.12-16.40.45:041][  0]LogConsoleResponse: Display: 
[2018.11.12-16.40.45:872][  0]LogFileCache: Scanning file cache for directory 'C:/guia_ra/guia_ra/Content/' took 0.05s
[2018.11.12-16.40.45:872][  0]LogCook: Display: Max memory allowance for cook 16384mb min free memory 0mb
[2018.11.12-16.40.45:872][  0]LogCook: Display: Mobile HDR setting 0
[2018.11.12-16.40.45:872][  0]LogGameplayTags: Display: UGameplayTagsManager::DoneAddingNativeTags. DelegateIsBound: 0
[2018.11.12-16.40.45:873][  0]LogStats: UGameplayTagsManager::ConstructGameplayTagTree: Construct from data asset -  0.000 s
[2018.11.12-16.40.45:873][  0]LogStats: UGameplayTagsManager::ConstructGameplayTagTree: GameplayTagTreeChangedEvent.Broadcast -  0.000 s
[2018.11.12-16.40.48:758][  0]SourceControl: Source control is disabled
[2018.11.12-16.40.48:758][  0]Cmd: MAP LOAD FILE="../../../../../../guia_ra/guia_ra/Content/HandheldARBP/Maps/HandheldARBlankMap.umap" TEMPLATE=0 SHOWPROGRESS=1 FEATURELEVEL=3
[2018.11.12-16.40.48:759][  0]LightingResults: New page: Lighting Build
[2018.11.12-16.40.48:768][  0]MapCheck: New page: Map Check
[2018.11.12-16.40.48:768][  0]LightingResults: New page: Lighting Build
[2018.11.12-16.40.48:789][  0]LogUObjectGlobals: Destroyed PersistentFrame Addr=0x00000175f3375600, Size=88
[2018.11.12-16.40.50:059][  0]LogUObjectGlobals: Created PersistentFrame Addr=0x00000175e11a6830, Size=20, Default__HandheldARBlankMap_C Function /Game/HandheldARBP/Maps/HandheldARBlankMap.HandheldARBlankMap_C:ExecuteUbergraph_HandheldARBlankMap
[2018.11.12-16.40.50:094][  0]LogUObjectGlobals: Destroyed PersistentFrame Addr=0x00000175e11a6830, Size=20
[2018.11.12-16.40.50:094][  0]LogUObjectGlobals: Created PersistentFrame Addr=0x00000175e11a6830, Size=20, Default__HandheldARBlankMap_C Function /Engine/Transient.REINST_HandheldARBlankMap_C_5:ExecuteUbergraph_HandheldARBlankMap
[2018.11.12-16.40.50:132][  0]LogUObjectGlobals: Created PersistentFrame Addr=0x00000175e11a6350, Size=20, Default__HandheldARBlankMap_C Function /Game/HandheldARBP/Maps/HandheldARBlankMap.HandheldARBlankMap_C:ExecuteUbergraph_HandheldARBlankMap
[2018.11.12-16.40.51:177][  0]LogAIModule: Creating AISystem for world HandheldARBlankMap
[2018.11.12-16.40.51:186][  0]LogEditorServer: Finished looking for orphan Actors (0.000 secs)
[2018.11.12-16.40.51:211][  0]LogUObjectGlobals: Destroyed PersistentFrame Addr=0x00000175e11a6830, Size=20
[2018.11.12-16.40.51:262][  0]Cmd: MAP CHECKDEP NOCLEARLOG
[2018.11.12-16.40.51:425][  0]MapCheck: Map check complete: 0 Error(s), 0 Warning(s), took 162.444ms to complete.
[2018.11.12-16.40.51:425][  0]LogFileHelpers: Loading map 'HandheldARBlankMap' took 2.666
[2018.11.12-16.40.57:250][  0]LogCollectionManager: Loaded 0 collections in 0.005389 seconds
[2018.11.12-16.40.58:141][  0]LogFileCache: Scanning file cache for directory 'C:/guia_ra/guia_ra/Saved/Collections/' took 0.01s
[2018.11.12-16.40.58:141][  0]LogFileCache: Scanning file cache for directory 'C:/guia_ra/guia_ra/Content/Developers/plnch/Collections/' took 0.01s
[2018.11.12-16.40.58:141][  0]LogFileCache: Scanning file cache for directory 'C:/guia_ra/guia_ra/Content/Collections/' took 0.01s
[2018.11.12-16.40.58:141][  0]LogCollectionManager: Rebuilt the GUID cache for 0 collections in 0.000000 seconds
[2018.11.12-16.40.58:201][  0]LogContentBrowser: Native class hierarchy populated in 0.0183 seconds. Added 2463 classes and 564 folders.
[2018.11.12-16.40.58:672][  0]LogContentBrowser: Native class hierarchy updated for 'WidgetCarousel' in 0.0004 seconds. Added 0 classes and 0 folders.
[2018.11.12-16.41.05:752][  0]LogContentBrowser: Native class hierarchy updated for 'AddContentDialog' in 0.0008 seconds. Added 0 classes and 0 folders.
[2018.11.12-16.41.06:078][  0]LogContentBrowser: Native class hierarchy updated for 'SceneOutliner' in 0.0010 seconds. Added 1 classes and 2 folders.
[2018.11.12-16.41.09:996][  0]LogSlate: Took 0.072695 seconds to synchronously load lazily loaded font '../../../Engine/Content/Slate/Fonts/Roboto-Regular.ttf' (155K)
[2018.11.12-16.41.10:102][  0]LogSlate: Took 0.082930 seconds to synchronously load lazily loaded font '../../../Engine/Content/Slate/Fonts/Roboto-Bold.ttf' (160K)
[2018.11.12-16.41.10:434][  0]LogSlate: Took 0.091138 seconds to synchronously load lazily loaded font '../../../Engine/Content/Editor/Slate/Fonts/FontAwesome.ttf' (139K)
[2018.11.12-16.41.13:139][  0]LogRenderer: Reallocating scene render targets to support 704x364 Format 9 NumSamples 1 (Frame:1).
[2018.11.12-16.41.16:001][  0]LogContentBrowser: Native class hierarchy updated for 'HierarchicalLODOutliner' in 0.0003 seconds. Added 0 classes and 0 folders.
[2018.11.12-16.41.16:001][  0]LogLoad: (Engine Initialization) Total time: 117.24 seconds
[2018.11.12-16.41.16:001][  0]LogLoad: (Engine Initialization) Total Blueprint compile time: 0.00 seconds
[2018.11.12-16.41.16:020][  0]LogWindowsTextInputMethodSystem: Display: IME system now deactivated.
[2018.11.12-16.41.16:441][  0]LogContentStreaming: Texture pool size now 400 MB
[2018.11.12-16.41.19:314][  7]LogAssetRegistry: Asset discovery search completed in 90.3418 seconds
[2018.11.12-16.41.19:319][  7]LogCollectionManager: Rebuilt the object cache for 0 collections in 0.000000 seconds (found 0 objects)
[2018.11.12-16.41.19:319][  7]LogCollectionManager: Fixed up redirectors for 0 collections in 0.000100 seconds (updated 0 objects)
[2018.11.12-16.42.50:375][337]LogSlate: FSceneViewport::OnFocusLost() reason 0
[2018.11.12-16.42.54:595][337]LogSlate: Took 0.204665 seconds to synchronously load lazily loaded font '../../../Engine/Content/Slate/Fonts/Roboto-Light.ttf' (167K)
[2018.11.12-16.44.28:884][393]LogHttp: Warning: 0000017596584880: request failed, libcurl error: 6 (Couldn't resolve host name)
[2018.11.12-16.44.28:885][393]LogHttp: Warning: 0000017596584880: libcurl info message cache 0 (Found bundle for host datarouter.ol.epicgames.com: 0x175889cbfe8 [can pipeline])
[2018.11.12-16.44.28:885][393]LogHttp: Warning: 0000017596584880: libcurl info message cache 1 (Re-using existing connection! (#0) with host datarouter.ol.epicgames.com)
[2018.11.12-16.44.28:885][393]LogHttp: Warning: 0000017596584880: libcurl info message cache 2 (Connected to datarouter.ol.epicgames.com (52.22.91.178) port 443 (#0))
[2018.11.12-16.44.28:885][393]LogHttp: Warning: 0000017596584880: libcurl info message cache 3 (upload completely sent off: 710 out of 710 bytes)
[2018.11.12-16.44.28:885][393]LogHttp: Warning: 0000017596584880: libcurl info message cache 4 (TLSv1.2 (IN), TLS alert, Client hello (1):)
[2018.11.12-16.44.28:885][393]LogHttp: Warning: 0000017596584880: libcurl info message cache 5 (Connection died, retrying a fresh connect)
[2018.11.12-16.44.28:885][393]LogHttp: Warning: 0000017596584880: libcurl info message cache 6 (Closing connection 0)
[2018.11.12-16.44.28:885][393]LogHttp: Warning: 0000017596584880: libcurl info message cache 7 (TLSv1.2 (OUT), TLS alert, Client hello (1):)
[2018.11.12-16.44.28:885][393]LogHttp: Warning: 0000017596584880: libcurl info message cache 8 (Issue another request to this URL: 'https://datarouter.ol.epicgames.com/datarouter/api/v1/public/data?SessionID=%7B86F79FC6-45DB-EFCD-C71D-0EAFE784012B%7D&AppID=UEEditor.Rocket.Release&AppVersion=4.19.2-4033788%2B%2B%2BUE4%2BRelease-4.19&UserID=0584ac2744f0df3246d86daac2f2a6c1%7C1896bf41fe3843e4b0713576eda185c4%7Cbb138914-9353-4030-99ad-6fb701decf32&AppEnvironment=datacollector-binary&UploadType=eteventstream')
[2018.11.12-16.44.28:885][393]LogHttp: Warning: 0000017596584880: libcurl info message cache 9 (Could not resolve host: datarouter.ol.epicgames.com)
[2018.11.12-16.44.28:886][393]LogHttp: Warning: 0000017596584880: libcurl info message cache 10 (Closing connection 1)
[2018.11.12-16.51.30:877][965]LogSlate: FSceneViewport::OnFocusLost() reason 2
[2018.11.12-16.51.32:260][ 41]LogSlate: Window 'session - Generic Asset Editor' being destroyed
[2018.11.12-16.51.32:274][ 41]LogSlate: Window 'session - Generic Asset Editor' being destroyed
[2018.11.12-16.51.34:511][172]LogSlate: FSceneViewport::OnFocusLost() reason 0
[2018.11.12-16.52.00:951][612]LogEditorViewport: Clicking on Actor (LMB): StaticMeshActor (Shape_QuadPyramid)
[2018.11.12-16.52.07:788][700]LogSlate: FSceneViewport::OnFocusLost() reason 0
[2018.11.12-16.53.00:415][629]LogSlate: Window 'D_ARSessionConfig - Generic Asset Editor' being destroyed
[2018.11.12-16.53.00:429][629]LogSlate: Window 'D_ARSessionConfig - Generic Asset Editor' being destroyed
[2018.11.12-16.57.59:430][759]LogSlate: Window 'HandheldARBlankMap_BuiltData - Generic Asset Editor' being destroyed
[2018.11.12-16.58.13:230][538]LogUObjectGlobals: Created PersistentFrame Addr=0x00000175960bbed0, Size=4, Default__BP_MainMenu_C Function /Game/HandheldARBP/Blueprints/UI/BP_MainMenu.BP_MainMenu_C:ExecuteUbergraph_BP_MainMenu
[2018.11.12-16.58.13:522][538]LogUObjectGlobals: Destroyed PersistentFrame Addr=0x00000175960bbed0, Size=4
[2018.11.12-16.58.13:522][538]LogUObjectGlobals: Created PersistentFrame Addr=0x00000175960bbed0, Size=4, Default__BP_MainMenu_C Function /Engine/Transient.REINST_BP_MainMenu_C_0:ExecuteUbergraph_BP_MainMenu
[2018.11.12-16.58.13:527][538]LogUObjectGlobals: Created PersistentFrame Addr=0x00000175960bbb18, Size=4, Default__BP_MainMenu_C Function /Game/HandheldARBP/Blueprints/UI/BP_MainMenu.BP_MainMenu_C:ExecuteUbergraph_BP_MainMenu
[2018.11.12-16.58.15:604][538]LogContentBrowser: Native class hierarchy updated for 'BlueprintGraph' in 0.0014 seconds. Added 116 classes and 0 folders.
[2018.11.12-16.58.16:864][538]LogUObjectGlobals: Created PersistentFrame Addr=0x00000175a1f4cd98, Size=4, Default__SKEL_PROTO_BP_AnimBlueprint_0_C Function /Engine/Transient.SKEL_PROTO_BP_AnimBlueprint_0_C:ExecuteUbergraph_PROTO_BP_AnimBlueprint_0
[2018.11.12-16.58.16:865][538]LogUObjectGlobals: Created PersistentFrame Addr=0x00000175a1f4cd90, Size=4, Default__PROTO_BP_AnimBlueprint_0_C Function /Engine/Transient.PROTO_BP_AnimBlueprint_0_C:ExecuteUbergraph_PROTO_BP_AnimBlueprint_0
[2018.11.12-16.58.19:495][538]LogSlate: Took 0.009603 seconds to synchronously load lazily loaded font '../../../Engine/Content/Slate/Fonts/Roboto-BoldCondensed.ttf' (158K)
[2018.11.12-16.58.23:410][639]LogSlate: Took 0.059472 seconds to synchronously load lazily loaded font '../../../Engine/Content/Slate/Fonts/Roboto-Italic.ttf' (157K)
[2018.11.12-16.58.28:277][808]LogSlate: Window 'BP_MainMenu' being destroyed
[2018.11.12-16.58.28:286][808]LogSlate: Window 'BP_MainMenu' being destroyed
[2018.11.12-16.58.35:505][199]LogUObjectGlobals: Created PersistentFrame Addr=0x00000175a2830e00, Size=148, Default__BP_Placeable_C Function /Game/HandheldARBP/Blueprints/Placeable/BP_Placeable.BP_Placeable_C:ExecuteUbergraph_BP_Placeable
[2018.11.12-16.58.35:527][199]LogUObjectGlobals: Destroyed PersistentFrame Addr=0x00000175a2830e00, Size=148
[2018.11.12-16.58.35:527][199]LogUObjectGlobals: Created PersistentFrame Addr=0x00000175a28d3740, Size=148, Default__BP_Placeable_C Function /Engine/Transient.REINST_BP_Placeable_C_20:ExecuteUbergraph_BP_Placeable
[2018.11.12-16.58.35:556][199]LogUObjectGlobals: Created PersistentFrame Addr=0x00000175a293d080, Size=148, Default__BP_Placeable_C Function /Game/HandheldARBP/Blueprints/Placeable/BP_Placeable.BP_Placeable_C:ExecuteUbergraph_BP_Placeable
[2018.11.12-16.58.44:291][483]LogSlate: Window 'BP_Placeable' being destroyed
[2018.11.12-16.58.44:308][483]LogSlate: Window 'BP_Placeable' being destroyed
[2018.11.12-16.58.45:946][554]LogMaterial: Missing cached shader map for material M_ContactShadow, compiling. 
[2018.11.12-16.58.47:440][554]LogMaterial: Missing cached shader map for material M_ContactShadow, compiling. 
[2018.11.12-16.58.47:517][554]LogShaderCompilers: Display: Shaders left to compile 8
[2018.11.12-16.58.47:517][554]LogShaderCompilers: Display: Shaders left to compile 7
[2018.11.12-16.58.47:517][554]LogShaderCompilers: Display: Shaders left to compile 6
[2018.11.12-16.58.47:535][554]LogMaterial: Missing cached shader map for material M_ContactShadow, compiling. 
[2018.11.12-16.58.47:657][554]LogMaterial: Missing cached shader map for material FMatExpressionPreview MaterialExpressionTextureSample_0, compiling. 
[2018.11.12-16.58.50:701][616]LogSlate: Window 'M_ContactShadow' being destroyed
[2018.11.12-16.58.50:718][616]LogSlate: Window 'M_ContactShadow' being destroyed
[2018.11.12-16.58.52:188][667]LogContentBrowser: Native class hierarchy updated for 'TextureEditor' in 0.0008 seconds. Added 1 classes and 2 folders.
[2018.11.12-16.58.54:382][732]LogShaderCompilers: Display: Shaders left to compile 8
[2018.11.12-16.58.54:779][747]LogShaderCompilers: Display: Shaders left to compile 7
[2018.11.12-16.58.54:780][747]LogSlate: FSceneViewport::OnFocusLost() reason 0
[2018.11.12-16.58.54:867][750]LogSlate: Window 'T_ContactShadow' being destroyed
[2018.11.12-16.58.54:888][750]LogSlate: Window 'T_ContactShadow' being destroyed
[2018.11.12-16.58.55:714][785]LogShaderCompilers: Display: Shaders left to compile 6
[2018.11.12-16.58.55:972][797]LogShaderCompilers: Display: Shaders left to compile 5
[2018.11.12-16.58.56:452][820]LogShaderCompilers: Display: Shaders left to compile 4
[2018.11.12-16.58.57:490][871]LogShaderCompilers: Display: Shaders left to compile 3
[2018.11.12-16.58.57:775][883]LogShaderCompilers: Display: Shaders left to compile 2
[2018.11.12-16.58.59:920][986]LogShaderCompilers: Display: Shaders left to compile 1
[2018.11.12-16.59.00:607][ 13]LogUObjectGlobals: Created PersistentFrame Addr=0x0000017596842400, Size=496, Default__BP_ARPawn_C Function /Game/HandheldARBP/Blueprints/GameFramework/BP_ARPawn.BP_ARPawn_C:ExecuteUbergraph_BP_ARPawn
[2018.11.12-16.59.00:618][ 13]LogUObjectGlobals: Created PersistentFrame Addr=0x00000175a4f16680, Size=128, Default__BP_DebugMenu_C Function /Game/HandheldARBP/Blueprints/UI/BP_DebugMenu.BP_DebugMenu_C:ExecuteUbergraph_BP_DebugMenu
[2018.11.12-16.59.00:755][ 13]LogUObjectGlobals: Destroyed PersistentFrame Addr=0x0000017596842400, Size=496
[2018.11.12-16.59.00:755][ 13]LogUObjectGlobals: Created PersistentFrame Addr=0x00000175a2f1ce00, Size=496, Default__BP_ARPawn_C Function /Engine/Transient.REINST_BP_ARPawn_C_22:ExecuteUbergraph_BP_ARPawn
[2018.11.12-16.59.00:759][ 13]LogUObjectGlobals: Destroyed PersistentFrame Addr=0x00000175a4f16680, Size=128
[2018.11.12-16.59.00:759][ 13]LogUObjectGlobals: Created PersistentFrame Addr=0x00000175a256ab80, Size=128, Default__BP_DebugMenu_C Function /Engine/Transient.REINST_BP_DebugMenu_C_1:ExecuteUbergraph_BP_DebugMenu
[2018.11.12-16.59.00:854][ 13]LogUObjectGlobals: Created PersistentFrame Addr=0x00000175f1958a00, Size=496, Default__BP_ARPawn_C Function /Game/HandheldARBP/Blueprints/GameFramework/BP_ARPawn.BP_ARPawn_C:ExecuteUbergraph_BP_ARPawn
[2018.11.12-16.59.00:895][ 13]LogUObjectGlobals: Created PersistentFrame Addr=0x00000175a2755a80, Size=128, Default__BP_DebugMenu_C Function /Game/HandheldARBP/Blueprints/UI/BP_DebugMenu.BP_DebugMenu_C:ExecuteUbergraph_BP_DebugMenu
[2018.11.12-16.59.13:626][633]LogSlate: Window 'BP_ARGameMode' being destroyed
[2018.11.12-16.59.13:640][633]LogSlate: Window 'BP_ARGameMode' being destroyed
[2018.11.12-16.59.14:853][690]LogUObjectGlobals: Destroyed PersistentFrame Addr=0x00000175960bbed0, Size=4
[2018.11.12-16.59.14:858][690]LogUObjectGlobals: Destroyed PersistentFrame Addr=0x00000175a28d3740, Size=148
[2018.11.12-16.59.14:865][690]LogUObjectGlobals: Destroyed PersistentFrame Addr=0x00000175a2f1ce00, Size=496
[2018.11.12-16.59.14:865][690]LogUObjectGlobals: Destroyed PersistentFrame Addr=0x00000175a256ab80, Size=128
[2018.11.12-16.59.15:135][690]LogSlate: Window 'guia_ra - Unreal Editor' being destroyed
[2018.11.12-16.59.15:136][690]LogWindowsTextInputMethodSystem: Display: IME system now deactivated.
[2018.11.12-16.59.15:587][691]Cmd: QUIT_EDITOR
[2018.11.12-16.59.15:815][691]LogSlate: Slate User Destroyed.  User Index 0, Is Virtual User: 0
[2018.11.12-16.59.15:816][691]LogExit: Preparing to exit.
[2018.11.12-16.59.16:283][691]LogDirectoryWatcher: A directory notification for 'C:/guia_ra/guia_ra/Content/' was aborted.
[2018.11.12-16.59.16:351][691]LogExit: Editor shut down
[2018.11.12-16.59.16:357][691]LogUObjectGlobals: Destroyed PersistentFrame Addr=0x00000175e11a6350, Size=20
[2018.11.12-16.59.16:357][691]LogExit: Transaction tracking system shut down
[2018.11.12-16.59.16:370][691]LogUObjectGlobals: Destroyed PersistentFrame Addr=0x00000175f327f150, Size=80
[2018.11.12-16.59.16:371][691]LogUObjectGlobals: Destroyed PersistentFrame Addr=0x00000175960bbb18, Size=4
[2018.11.12-16.59.16:374][691]LogUObjectGlobals: Destroyed PersistentFrame Addr=0x00000175a1f4cd98, Size=4
[2018.11.12-16.59.16:374][691]LogUObjectGlobals: Destroyed PersistentFrame Addr=0x00000175a1f4cd90, Size=4
[2018.11.12-16.59.16:378][691]LogUObjectGlobals: Destroyed PersistentFrame Addr=0x00000175a293d080, Size=148
[2018.11.12-16.59.16:382][691]LogUObjectGlobals: Destroyed PersistentFrame Addr=0x00000175f1958a00, Size=496
[2018.11.12-16.59.16:382][691]LogUObjectGlobals: Destroyed PersistentFrame Addr=0x00000175a2755a80, Size=128
[2018.11.12-16.59.16:614][691]LogDirectoryWatcher: A directory notification for '../../../Engine/Content/' was aborted.
[2018.11.12-16.59.16:614][691]LogDirectoryWatcher: A directory notification for '../../../../../../guia_ra/guia_ra/Content/' was aborted.
[2018.11.12-16.59.16:614][691]LogDirectoryWatcher: A directory notification for '../../Plugins/2D/Paper2D/Content/' was aborted.
[2018.11.12-16.59.16:615][691]LogDirectoryWatcher: A directory notification for '../../Plugins/Enterprise/DatasmithContent/Content/' was aborted.
[2018.11.12-16.59.16:615][691]LogDirectoryWatcher: A directory notification for '../../Plugins/Media/MediaCompositing/Content/' was aborted.
[2018.11.12-16.59.16:615][691]LogDirectoryWatcher: A directory notification for '../../Plugins/Runtime/AppleARKit/Content/' was aborted.
[2018.11.12-16.59.16:615][691]LogDirectoryWatcher: A directory notification for '../../Plugins/Runtime/GoogleARCore/Content/' was aborted.
[2018.11.12-16.59.16:615][691]LogDirectoryWatcher: A directory notification for '../../Plugins/Runtime/Oculus/OculusVR/Content/' was aborted.
[2018.11.12-16.59.16:615][691]LogDirectoryWatcher: A directory notification for '../../Plugins/Runtime/Steam/SteamVR/Content/' was aborted.
[2018.11.12-16.59.16:925][691]LogExit: Object subsystem successfully closed.
[2018.11.12-16.59.16:963][691]LogShaderCompilers: Display: Shaders left to compile 0
[2018.11.12-16.59.16:975][691]LogD3D11RHI: Shutdown
[2018.11.12-16.59.16:975][691]LogD3D11RHI: CleanupD3DDevice
[2018.11.12-16.59.16:982][691]LogD3D11RHI: ~FD3D11DynamicRHI
[2018.11.12-16.59.17:124][691]LogModuleManager: Shutting down and abandoning module TextureEditor (584)
[2018.11.12-16.59.17:124][691]LogModuleManager: Shutting down and abandoning module SequencerWidgets (582)
[2018.11.12-16.59.17:124][691]LogModuleManager: Shutting down and abandoning module BlueprintGraph (580)
[2018.11.12-16.59.17:124][691]LogModuleManager: Shutting down and abandoning module HierarchicalLODOutliner (578)
[2018.11.12-16.59.17:124][691]LogModuleManager: Shutting down and abandoning module SceneOutliner (576)
[2018.11.12-16.59.17:173][691]LogModuleManager: Shutting down and abandoning module AddContentDialog (574)
[2018.11.12-16.59.17:212][691]LogDirectoryWatcher: A directory notification for 'C:/Program Files/Epic Games/UE_4.19/FeaturePacks/' was aborted.
[2018.11.12-16.59.17:215][691]LogModuleManager: Shutting down and abandoning module WidgetCarousel (573)
[2018.11.12-16.59.17:215][691]LogModuleManager: Shutting down and abandoning module EditorWidgets (570)
[2018.11.12-16.59.17:215][691]LogModuleManager: Shutting down and abandoning module CollectionManager (568)
[2018.11.12-16.59.17:215][691]LogDirectoryWatcher: A directory notification for 'C:/guia_ra/guia_ra/Content/Collections/' was aborted.
[2018.11.12-16.59.17:215][691]LogDirectoryWatcher: A directory notification for 'C:/guia_ra/guia_ra/Content/Developers/plnch/Collections/' was aborted.
[2018.11.12-16.59.17:215][691]LogDirectoryWatcher: A directory notification for 'C:/guia_ra/guia_ra/Saved/Collections/' was aborted.
[2018.11.12-16.59.17:215][691]LogModuleManager: Shutting down and abandoning module StatsViewer (566)
[2018.11.12-16.59.17:216][691]LogModuleManager: Shutting down and abandoning module FoliageEdit (564)
[2018.11.12-16.59.17:216][691]LogModuleManager: Shutting down and abandoning module LandscapeEditor (562)
[2018.11.12-16.59.17:216][691]LogModuleManager: Shutting down and abandoning module MeshPaintMode (560)
[2018.11.12-16.59.17:216][691]LogModuleManager: Shutting down and abandoning module SceneDepthPickerMode (558)
[2018.11.12-16.59.17:216][691]LogModuleManager: Shutting down and abandoning module ActorPickerMode (556)
[2018.11.12-16.59.17:216][691]LogModuleManager: Shutting down and abandoning module GeometryMode (554)
[2018.11.12-16.59.17:216][691]LogModuleManager: Shutting down and abandoning module TextureAlignMode (552)
[2018.11.12-16.59.17:216][691]LogModuleManager: Shutting down and abandoning module BspMode (550)
[2018.11.12-16.59.17:216][691]LogModuleManager: Shutting down and abandoning module PIEPreviewDeviceProfileSelector (548)
[2018.11.12-16.59.17:216][691]LogModuleManager: Shutting down and abandoning module HardwareSurvey (546)
[2018.11.12-16.59.17:216][691]LogModuleManager: Shutting down and abandoning module SequenceRecorderSections (544)
[2018.11.12-16.59.17:216][691]LogModuleManager: Shutting down and abandoning module AutomationWorker (542)
[2018.11.12-16.59.17:216][691]LogModuleManager: Shutting down and abandoning module AudioCaptureEditor (540)
[2018.11.12-16.59.17:216][691]LogModuleManager: Shutting down and abandoning module SequenceRecorder (539)
[2018.11.12-16.59.17:216][691]LogModuleManager: Shutting down and abandoning module MatineeToLevelSequence (536)
[2018.11.12-16.59.17:216][691]LogModuleManager: Shutting down and abandoning module LevelSequenceEditor (534)
[2018.11.12-16.59.17:217][691]LogModuleManager: Shutting down and abandoning module PlacementMode (533)
[2018.11.12-16.59.17:217][691]LogModuleManager: Shutting down and abandoning module MaterialEditor (532)
[2018.11.12-16.59.17:217][691]LogModuleManager: Shutting down and abandoning module WmfMediaFactory (528)
[2018.11.12-16.59.17:217][691]LogModuleManager: Shutting down and abandoning module WmfMediaEditor (526)
[2018.11.12-16.59.17:217][691]LogModuleManager: Shutting down and abandoning module MediaPlayerEditor (524)
[2018.11.12-16.59.17:217][691]LogModuleManager: Shutting down and abandoning module OpenExrWrapper (522)
[2018.11.12-16.59.17:217][691]LogModuleManager: Shutting down and abandoning module ImgMediaFactory (520)
[2018.11.12-16.59.17:217][691]LogModuleManager: Shutting down and abandoning module ImgMediaEditor (518)
[2018.11.12-16.59.17:217][691]LogModuleManager: Shutting down and abandoning module AvfMediaFactory (516)
[2018.11.12-16.59.17:217][691]LogModuleManager: Shutting down and abandoning module AvfMediaEditor (514)
[2018.11.12-16.59.17:218][691]LogModuleManager: Shutting down and abandoning module AndroidMediaFactory (512)
[2018.11.12-16.59.17:218][691]LogModuleManager: Shutting down and abandoning module AndroidMediaEditor (510)
[2018.11.12-16.59.17:218][691]LogModuleManager: Shutting down and abandoning module CharacterAI (508)
[2018.11.12-16.59.17:218][691]LogModuleManager: Shutting down and abandoning module SmartSnapping (506)
[2018.11.12-16.59.17:218][691]LogModuleManager: Shutting down and abandoning module SessionServices (504)
[2018.11.12-16.59.17:218][691]LogModuleManager: Shutting down and abandoning module ViewportSnapping (502)
[2018.11.12-16.59.17:218][691]LogModuleManager: Shutting down and abandoning module ViewportInteraction (500)
[2018.11.12-16.59.17:218][691]LogModuleManager: Shutting down and abandoning module ClothPainter (498)
[2018.11.12-16.59.17:218][691]LogModuleManager: Shutting down and abandoning module SkeletalMeshEditor (497)
[2018.11.12-16.59.17:219][691]LogModuleManager: Shutting down and abandoning module LogVisualizer (494)
[2018.11.12-16.59.17:219][691]LogModuleManager: Shutting down and abandoning module IntroTutorials (492)
[2018.11.12-16.59.17:230][691]LogModuleManager: Shutting down and abandoning module GameProjectGeneration (491)
[2018.11.12-16.59.17:231][691]LogModuleManager: Shutting down and abandoning module IOSPlatformEditor (488)
[2018.11.12-16.59.17:231][691]LogModuleManager: Shutting down and abandoning module HTML5PlatformEditor (486)
[2018.11.12-16.59.17:231][691]LogModuleManager: Shutting down and abandoning module AndroidPlatformEditor (484)
[2018.11.12-16.59.17:231][691]LogModuleManager: Shutting down and abandoning module AndroidDeviceDetection (483)
[2018.11.12-16.59.17:726][691]LogModuleManager: Shutting down and abandoning module WindowsPlatformEditor (480)
[2018.11.12-16.59.17:727][691]LogModuleManager: Shutting down and abandoning module IOSRuntimeSettings (478)
[2018.11.12-16.59.17:727][691]LogModuleManager: Shutting down and abandoning module AndroidRuntimeSettings (476)
[2018.11.12-16.59.17:727][691]LogModuleManager: Shutting down and abandoning module InputBindingEditor (474)
[2018.11.12-16.59.17:727][691]LogModuleManager: Shutting down and abandoning module MergeActors (472)
[2018.11.12-16.59.17:727][691]LogModuleManager: Shutting down and abandoning module LocalizationDashboard (470)
[2018.11.12-16.59.17:727][691]LogModuleManager: Shutting down and abandoning module LocalizationService (469)
[2018.11.12-16.59.17:728][691]LogModuleManager: Shutting down and abandoning module HardwareTargeting (466)
[2018.11.12-16.59.17:728][691]LogModuleManager: Shutting down and abandoning module DeviceProfileEditor (464)
[2018.11.12-16.59.17:728][691]LogModuleManager: Shutting down and abandoning module UndoHistory (462)
[2018.11.12-16.59.17:728][691]LogModuleManager: Shutting down and abandoning module XmlParser (460)
[2018.11.12-16.59.17:728][691]LogModuleManager: Shutting down and abandoning module Blutility (458)
[2018.11.12-16.59.17:728][691]LogModuleManager: Shutting down and abandoning module ProjectSettingsViewer (456)
[2018.11.12-16.59.17:729][691]LogModuleManager: Shutting down and abandoning module ProjectTargetPlatformEditor (455)
[2018.11.12-16.59.17:729][691]LogModuleManager: Shutting down and abandoning module EditorSettingsViewer (452)
[2018.11.12-16.59.17:729][691]LogModuleManager: Shutting down and abandoning module SettingsEditor (450)
[2018.11.12-16.59.17:729][691]LogModuleManager: Shutting down and abandoning module ProjectLauncher (448)
[2018.11.12-16.59.17:730][691]LogModuleManager: Shutting down and abandoning module SessionFrontend (446)
[2018.11.12-16.59.17:730][691]LogModuleManager: Shutting down and abandoning module ProfilerClient (444)
[2018.11.12-16.59.17:730][691]LogModuleManager: Shutting down and abandoning module DeviceManager (442)
[2018.11.12-16.59.17:730][691]LogModuleManager: Shutting down and abandoning module TargetDeviceServices (441)
[2018.11.12-16.59.17:785][691]LogModuleManager: Shutting down and abandoning module AutomationController (438)
[2018.11.12-16.59.17:785][691]LogModuleManager: Shutting down and abandoning module AutomationWindow (436)
[2018.11.12-16.59.17:785][691]LogModuleManager: Shutting down and abandoning module Layers (434)
[2018.11.12-16.59.17:785][691]LogModuleManager: Shutting down and abandoning module ComponentVisualizers (432)
[2018.11.12-16.59.17:785][691]LogModuleManager: Shutting down and abandoning module DetailCustomizations (430)
[2018.11.12-16.59.17:785][691]LogModuleManager: Shutting down and abandoning module PackagesDialog (428)
[2018.11.12-16.59.17:785][691]LogModuleManager: Shutting down and abandoning module Persona (426)
[2018.11.12-16.59.17:785][691]LogModuleManager: Shutting down and abandoning module AdvancedPreviewScene (425)
[2018.11.12-16.59.17:785][691]LogModuleManager: Shutting down and abandoning module AnimGraph (423)
[2018.11.12-16.59.17:785][691]LogModuleManager: Shutting down and abandoning module Kismet (420)
[2018.11.12-16.59.17:797][691]LogModuleManager: Shutting down and abandoning module GraphEditor (418)
[2018.11.12-16.59.17:797][691]LogModuleManager: Shutting down and abandoning module ClassViewer (416)
[2018.11.12-16.59.17:797][691]LogModuleManager: Shutting down and abandoning module Toolbox (414)
[2018.11.12-16.59.17:797][691]LogModuleManager: Shutting down and abandoning module ModuleUI (412)
[2018.11.12-16.59.17:797][691]LogModuleManager: Shutting down and abandoning module MovieSceneTools (410)
[2018.11.12-16.59.17:797][691]LogModuleManager: Shutting down and abandoning module OutputLog (408)
[2018.11.12-16.59.17:797][691]LogModuleManager: Shutting down and abandoning module GammaUI (406)
[2018.11.12-16.59.17:798][691]LogModuleManager: Shutting down and abandoning module Documentation (404)
[2018.11.12-16.59.17:798][691]LogModuleManager: Shutting down and abandoning module MovieSceneTracks (402)
[2018.11.12-16.59.17:798][691]LogModuleManager: Shutting down and abandoning module MovieScene (400)
[2018.11.12-16.59.17:798][691]LogModuleManager: Shutting down and abandoning module StreamingPauseRendering (398)
[2018.11.12-16.59.17:798][691]LogModuleManager: Shutting down and abandoning module LauncherPlatform (396)
[2018.11.12-16.59.17:798][691]LogModuleManager: Shutting down and abandoning module AnalyticsET (394)
[2018.11.12-16.59.17:798][691]LogModuleManager: Shutting down and abandoning module PortalServices (392)
[2018.11.12-16.59.17:798][691]LogModuleManager: Shutting down and abandoning module PortalRpc (390)
[2018.11.12-16.59.17:798][691]LogModuleManager: Shutting down and abandoning module MessagingRpc (388)
[2018.11.12-16.59.17:798][691]LogModuleManager: Shutting down and abandoning module AIModule (386)
[2018.11.12-16.59.17:798][691]LogModuleManager: Shutting down and abandoning module GameplayDebugger (385)
[2018.11.12-16.59.17:798][691]LogModuleManager: Shutting down and abandoning module AITestSuite (383)
[2018.11.12-16.59.17:798][691]LogModuleManager: Shutting down and abandoning module DesktopPlatform (380)
[2018.11.12-16.59.17:798][691]LogModuleManager: Shutting down and abandoning module ProfilerService (378)
[2018.11.12-16.59.17:813][691]LogModuleManager: Shutting down and abandoning module TaskGraph (376)
[2018.11.12-16.59.17:813][691]LogModuleManager: Shutting down and abandoning module SteamVRController (374)
[2018.11.12-16.59.17:813][691]LogModuleManager: Shutting down and abandoning module ProceduralMeshComponentEditor (372)
[2018.11.12-16.59.17:813][691]LogModuleManager: Shutting down and abandoning module ProceduralMeshComponent (370)
[2018.11.12-16.59.17:813][691]LogModuleManager: Shutting down and abandoning module OculusInput (368)
[2018.11.12-16.59.17:813][691]LogModuleManager: Shutting down and abandoning module MobilePatchingUtils (366)
[2018.11.12-16.59.17:813][691]LogModuleManager: Shutting down and abandoning module GoogleARCoreBase (364)
[2018.11.12-16.59.18:147][691]LogModuleManager: Shutting down and abandoning module CustomMeshComponent (362)
[2018.11.12-16.59.18:147][691]LogModuleManager: Shutting down and abandoning module CableComponent (360)
[2018.11.12-16.59.18:147][691]LogModuleManager: Shutting down and abandoning module AudioCapture (358)
[2018.11.12-16.59.18:147][691]LogModuleManager: Shutting down and abandoning module ArchVisCharacter (356)
[2018.11.12-16.59.18:147][691]LogModuleManager: Shutting down and abandoning module AndroidPermission (354)
[2018.11.12-16.59.18:147][691]LogModuleManager: Shutting down and abandoning module NUTUnrealEngine4 (350)
[2018.11.12-16.59.18:147][691]LogModuleManager: Shutting down and abandoning module NetcodeUnitTest (348)
[2018.11.12-16.59.18:147][691]LogModuleManager: Shutting down and abandoning module MediaCompositingEditor (346)
[2018.11.12-16.59.18:147][691]LogModuleManager: Shutting down and abandoning module MediaCompositing (344)
[2018.11.12-16.59.18:147][691]LogModuleManager: Shutting down and abandoning module LinearTimecode (342)
[2018.11.12-16.59.18:147][691]LogModuleManager: Shutting down and abandoning module ImgMedia (340)
[2018.11.12-16.59.18:153][691]LogModuleManager: Shutting down and abandoning module HTML5Networking (338)
[2018.11.12-16.59.18:153][691]LogModuleManager: Shutting down and abandoning module AlembicImporter (336)
[2018.11.12-16.59.18:153][691]LogModuleManager: Shutting down and abandoning module AlembicLibrary (335)
[2018.11.12-16.59.18:153][691]LogModuleManager: Shutting down and abandoning module GeometryCache (334)
[2018.11.12-16.59.18:153][691]LogModuleManager: Shutting down and abandoning module GeometryCacheEd (333)
[2018.11.12-16.59.18:153][691]LogModuleManager: Shutting down and abandoning module DatasmithContent (328)
[2018.11.12-16.59.18:153][691]LogModuleManager: Shutting down and abandoning module SpeedTreeImporter (326)
[2018.11.12-16.59.18:153][691]LogModuleManager: Shutting down and abandoning module PluginBrowser (324)
[2018.11.12-16.59.18:154][691]LogModuleManager: Shutting down and abandoning module MobileLauncherProfileWizard (322)
[2018.11.12-16.59.18:154][691]LogModuleManager: Shutting down and abandoning module CryptoKeysOpenSSL (320)
[2018.11.12-16.59.18:154][691]LogModuleManager: Shutting down and abandoning module CryptoKeys (318)
[2018.11.12-16.59.18:154][691]LogModuleManager: Shutting down and abandoning module VisualStudioSourceCodeAccess (316)
[2018.11.12-16.59.18:154][691]LogModuleManager: Shutting down and abandoning module VisualStudioCodeSourceCodeAccess (314)
[2018.11.12-16.59.18:154][691]LogModuleManager: Shutting down and abandoning module UObjectPlugin (312)
[2018.11.12-16.59.18:154][691]LogModuleManager: Shutting down and abandoning module SubversionSourceControl (310)
[2018.11.12-16.59.18:154][691]LogModuleManager: Shutting down and abandoning module PerforceSourceControl (308)
[2018.11.12-16.59.18:154][691]LogModuleManager: Shutting down and abandoning module GitSourceControl (306)
[2018.11.12-16.59.18:154][691]LogModuleManager: Shutting down and abandoning module SourceControl (305)
[2018.11.12-16.59.18:154][691]LogModuleManager: Shutting down and abandoning module CLionSourceCodeAccess (302)
[2018.11.12-16.59.18:154][691]LogModuleManager: Shutting down and abandoning module LightPropagationVolumeEditor (300)
[2018.11.12-16.59.18:154][691]LogModuleManager: Shutting down and abandoning module PaperTiledImporter (298)
[2018.11.12-16.59.18:154][691]LogModuleManager: Shutting down and abandoning module PaperSpriteSheetImporter (296)
[2018.11.12-16.59.18:154][691]LogModuleManager: Shutting down and abandoning module Paper2DEditor (294)
[2018.11.12-16.59.18:154][691]LogModuleManager: Shutting down and abandoning module MeshPaint (293)
[2018.11.12-16.59.18:154][691]LogModuleManager: Shutting down and abandoning module RuntimePhysXCooking (290)
[2018.11.12-16.59.18:154][691]LogModuleManager: Shutting down and abandoning module PhysXVehiclesEditor (288)
[2018.11.12-16.59.18:154][691]LogModuleManager: Shutting down and abandoning module PhysXVehicles (286)
[2018.11.12-16.59.18:154][691]LogModuleManager: Shutting down and abandoning module OculusEditor (284)
[2018.11.12-16.59.18:154][691]LogModuleManager: Shutting down and abandoning module LocationServicesBPLibrary (282)
[2018.11.12-16.59.18:154][691]LogModuleManager: Shutting down and abandoning module ImmediatePhysicsEditor (280)
[2018.11.12-16.59.18:154][691]LogModuleManager: Shutting down and abandoning module ImmediatePhysics (278)
[2018.11.12-16.59.18:154][691]LogModuleManager: Shutting down and abandoning module ActorSequence (276)
[2018.11.12-16.59.18:154][691]LogModuleManager: Shutting down and abandoning module UdpMessaging (274)
[2018.11.12-16.59.18:255][691]LogModuleManager: Shutting down and abandoning module TcpMessaging (272)
[2018.11.12-16.59.18:356][691]LogModuleManager: Shutting down and abandoning module GameplayTagsEditor (270)
[2018.11.12-16.59.18:356][691]LogModuleManager: Shutting down and abandoning module FacialAnimationEditor (268)
[2018.11.12-16.59.18:356][691]LogModuleManager: Shutting down and abandoning module FacialAnimation (266)
[2018.11.12-16.59.18:356][691]LogModuleManager: Shutting down and abandoning module DataValidation (264)
[2018.11.12-16.59.18:356][691]LogModuleManager: Shutting down and abandoning module AssetManagerEditor (262)
[2018.11.12-16.59.18:357][691]LogModuleManager: Shutting down and abandoning module LevelEditor (261)
[2018.11.12-16.59.18:357][691]LogModuleManager: Shutting down and abandoning module PixelInspectorModule (260)
[2018.11.12-16.59.18:358][691]LogModuleManager: Shutting down and abandoning module CommonMenuExtensions (258)
[2018.11.12-16.59.18:358][691]LogModuleManager: Shutting down and abandoning module MainFrame (256)
[2018.11.12-16.59.18:358][691]LogModuleManager: Shutting down and abandoning module HotReload (255)
[2018.11.12-16.59.18:359][691]LogModuleManager: Shutting down and abandoning module ContentBrowser (251)
[2018.11.12-16.59.18:364][691]LogModuleManager: Shutting down and abandoning module TreeMap (249)
[2018.11.12-16.59.18:364][691]LogModuleManager: Shutting down and abandoning module LightPropagationVolumeRuntime (246)
[2018.11.12-16.59.18:364][691]LogModuleManager: Shutting down and abandoning module LiveLinkEditor (244)
[2018.11.12-16.59.18:364][691]LogModuleManager: Shutting down and abandoning module LiveLink (242)
[2018.11.12-16.59.19:177][691]LogModuleManager: Shutting down and abandoning module Paper2D (240)
[2018.11.12-16.59.19:179][691]LogModuleManager: Shutting down and abandoning module WindowsMoviePlayer (238)
[2018.11.12-16.59.19:179][691]LogModuleManager: Shutting down and abandoning module WmfMedia (236)
[2018.11.12-16.59.19:182][691]LogModuleManager: Shutting down and abandoning module Media (235)
[2018.11.12-16.59.19:189][691]LogModuleManager: Shutting down and abandoning module PacketHandler (232)
[2018.11.12-16.59.19:189][691]LogModuleManager: Shutting down and abandoning module ClothingSystemEditor (230)
[2018.11.12-16.59.19:189][691]LogModuleManager: Shutting down and abandoning module ClothingSystemRuntime (228)
[2018.11.12-16.59.19:189][691]LogModuleManager: Shutting down and abandoning module MediaAssets (226)
[2018.11.12-16.59.19:189][691]LogModuleManager: Shutting down and abandoning module Overlay (224)
[2018.11.12-16.59.19:189][691]LogModuleManager: Shutting down and abandoning module OverlayEditor (223)
[2018.11.12-16.59.19:189][691]LogModuleManager: Shutting down and abandoning module VREditor (220)
[2018.11.12-16.59.19:189][691]LogModuleManager: Shutting down and abandoning module StringTableEditor (218)
[2018.11.12-16.59.19:189][691]LogModuleManager: Shutting down and abandoning module GameplayTasksEditor (216)
[2018.11.12-16.59.19:189][691]LogModuleManager: Shutting down and abandoning module BehaviorTreeEditor (214)
[2018.11.12-16.59.19:190][691]LogModuleManager: Shutting down and abandoning module FunctionalTesting (212)
[2018.11.12-16.59.19:190][691]LogModuleManager: Shutting down and abandoning module CollisionAnalyzer (210)
[2018.11.12-16.59.19:190][691]LogModuleManager: Shutting down and abandoning module WorkspaceMenuStructure (209)
[2018.11.12-16.59.19:190][691]LogModuleManager: Shutting down and abandoning module UMG (206)
[2018.11.12-16.59.19:190][691]LogModuleManager: Shutting down and abandoning module UMGEditor (205)
[2018.11.12-16.59.19:190][691]LogModuleManager: Shutting down and abandoning module Sequencer (204)
[2018.11.12-16.59.19:190][691]LogModuleManager: Shutting down and abandoning module MessageLog (201)
[2018.11.12-16.59.19:190][691]LogModuleManager: Shutting down and abandoning module SlateReflector (196)
[2018.11.12-16.59.19:190][691]LogModuleManager: Shutting down and abandoning module Slate (194)
[2018.11.12-16.59.19:190][691]LogModuleManager: Shutting down and abandoning module EditorStyle (192)
[2018.11.12-16.59.19:198][691]LogModuleManager: Shutting down and abandoning module MRMesh (190)
[2018.11.12-16.59.19:198][691]LogModuleManager: Shutting down and abandoning module SourceCodeAccess (188)
[2018.11.12-16.59.19:198][691]LogModuleManager: Shutting down and abandoning module HeadMountedDisplay (186)
[2018.11.12-16.59.19:198][691]LogModuleManager: Shutting down and abandoning module XAudio2 (184)
[2018.11.12-16.59.19:198][691]LogModuleManager: Shutting down and abandoning module Networking (182)
[2018.11.12-16.59.19:199][691]LogModuleManager: Shutting down and abandoning module Core (180)
[2018.11.12-16.59.19:199][691]LogModuleManager: Shutting down and abandoning module LevelSequence (178)
[2018.11.12-16.59.19:199][691]LogModuleManager: Shutting down and abandoning module KismetCompiler (176)
[2018.11.12-16.59.19:199][691]LogModuleManager: Shutting down and abandoning module MeshUtilities (174)
[2018.11.12-16.59.19:199][691]LogModuleManager: Shutting down and abandoning module MeshMergeUtilities (173)
[2018.11.12-16.59.19:199][691]LogModuleManager: Shutting down and abandoning module MeshReductionInterface (172)
[2018.11.12-16.59.19:199][691]LogModuleManager: Shutting down and abandoning module SimplygonSwarm (171)
[2018.11.12-16.59.19:199][691]LogModuleManager: Shutting down and abandoning module SimplygonMeshReduction (169)
[2018.11.12-16.59.19:199][691]LogModuleManager: Shutting down and abandoning module QuadricMeshReduction (167)
[2018.11.12-16.59.19:199][691]LogModuleManager: Shutting down and abandoning module MaterialBaking (163)
[2018.11.12-16.59.19:199][691]LogModuleManager: Shutting down and abandoning module DirectoryWatcher (159)
[2018.11.12-16.59.19:201][691]LogModuleManager: Shutting down and abandoning module DerivedDataCache (156)
[2018.11.12-16.59.19:300][691]LogDerivedDataCache: Shutdown
[2018.11.12-16.59.19:300][691]LogModuleManager: Shutting down and abandoning module XGEController (154)
[2018.11.12-16.59.19:300][691]LogModuleManager: Shutting down and abandoning module TargetPlatform (152)
[2018.11.12-16.59.19:300][691]LogModuleManager: Shutting down and abandoning module VulkanShaderFormat (151)
[2018.11.12-16.59.19:300][691]LogModuleManager: Shutting down and abandoning module ShaderFormatVectorVM (149)
[2018.11.12-16.59.19:300][691]LogModuleManager: Shutting down and abandoning module ShaderFormatOpenGL (147)
[2018.11.12-16.59.19:301][691]LogModuleManager: Shutting down and abandoning module ShaderFormatD3D (145)
[2018.11.12-16.59.19:301][691]LogModuleManager: Shutting down and abandoning module MetalShaderFormat (143)
[2018.11.12-16.59.19:301][691]LogModuleManager: Shutting down and abandoning module TextureFormatUncompressed (141)
[2018.11.12-16.59.19:301][691]LogModuleManager: Shutting down and abandoning module TextureFormatPVR (139)
[2018.11.12-16.59.19:301][691]LogModuleManager: Shutting down and abandoning module TextureFormatDXT (137)
[2018.11.12-16.59.19:301][691]LogModuleManager: Shutting down and abandoning module TextureFormatIntelISPCTexComp (135)
[2018.11.12-16.59.19:302][691]LogModuleManager: Shutting down and abandoning module TextureFormatASTC (133)
[2018.11.12-16.59.19:302][691]LogModuleManager: Shutting down and abandoning module ImageWrapper (132)
[2018.11.12-16.59.19:302][691]LogModuleManager: Shutting down and abandoning module TextureFormatAndroid (129)
[2018.11.12-16.59.19:302][691]LogModuleManager: Shutting down and abandoning module AudioFormatOpus (127)
[2018.11.12-16.59.19:302][691]LogModuleManager: Shutting down and abandoning module AudioFormatOgg (125)
[2018.11.12-16.59.19:302][691]LogModuleManager: Shutting down and abandoning module AudioFormatADPCM (123)
[2018.11.12-16.59.19:302][691]LogModuleManager: Shutting down and abandoning module LinuxTargetPlatform (121)
[2018.11.12-16.59.19:302][691]LogModuleManager: Shutting down and abandoning module LinuxServerTargetPlatform (119)
[2018.11.12-16.59.19:302][691]LogModuleManager: Shutting down and abandoning module LinuxNoEditorTargetPlatform (117)
[2018.11.12-16.59.19:303][691]LogModuleManager: Shutting down and abandoning module LinuxClientTargetPlatform (115)
[2018.11.12-16.59.19:303][691]LogModuleManager: Shutting down and abandoning module TVOSTargetPlatform (113)
[2018.11.12-16.59.19:303][691]LogModuleManager: Shutting down and abandoning module Messaging (111)
[2018.11.12-16.59.19:303][691]LogModuleManager: Shutting down and abandoning module IOSTargetPlatform (109)
[2018.11.12-16.59.19:303][691]LogModuleManager: Shutting down and abandoning module HTML5TargetPlatform (107)
[2018.11.12-16.59.19:303][691]LogModuleManager: Shutting down and abandoning module AndroidTargetPlatform (105)
[2018.11.12-16.59.19:303][691]LogModuleManager: Shutting down and abandoning module Android_PVRTCTargetPlatform (103)
[2018.11.12-16.59.19:303][691]LogModuleManager: Shutting down and abandoning module Android_MultiTargetPlatform (101)
[2018.11.12-16.59.19:303][691]LogModuleManager: Shutting down and abandoning module Android_ETC2TargetPlatform (99)
[2018.11.12-16.59.19:304][691]LogModuleManager: Shutting down and abandoning module Android_ETC1TargetPlatform (97)
[2018.11.12-16.59.19:304][691]LogModuleManager: Shutting down and abandoning module Android_ETC1aTargetPlatform (95)
[2018.11.12-16.59.19:304][691]LogModuleManager: Shutting down and abandoning module Android_DXTTargetPlatform (93)
[2018.11.12-16.59.19:304][691]LogModuleManager: Shutting down and abandoning module Android_ATCTargetPlatform (91)
[2018.11.12-16.59.19:304][691]LogModuleManager: Shutting down and abandoning module Android_ASTCTargetPlatform (89)
[2018.11.12-16.59.19:304][691]LogModuleManager: Shutting down and abandoning module WindowsTargetPlatform (87)
[2018.11.12-16.59.19:304][691]LogModuleManager: Shutting down and abandoning module WindowsServerTargetPlatform (85)
[2018.11.12-16.59.19:304][691]LogModuleManager: Shutting down and abandoning module WindowsNoEditorTargetPlatform (83)
[2018.11.12-16.59.19:304][691]LogModuleManager: Shutting down and abandoning module WindowsClientTargetPlatform (81)
[2018.11.12-16.59.19:305][691]LogModuleManager: Shutting down and abandoning module MacTargetPlatform (79)
[2018.11.12-16.59.19:305][691]LogModuleManager: Shutting down and abandoning module MacServerTargetPlatform (77)
[2018.11.12-16.59.19:305][691]LogModuleManager: Shutting down and abandoning module MacNoEditorTargetPlatform (75)
[2018.11.12-16.59.19:305][691]LogModuleManager: Shutting down and abandoning module MacClientTargetPlatform (73)
[2018.11.12-16.59.19:305][691]LogModuleManager: Shutting down and abandoning module AllDesktopTargetPlatform (71)
[2018.11.12-16.59.19:305][691]LogModuleManager: Shutting down and abandoning module InputCore (68)
[2018.11.12-16.59.19:305][691]LogModuleManager: Shutting down and abandoning module Settings (66)
[2018.11.12-16.59.19:305][691]LogModuleManager: Shutting down and abandoning module PhysXCooking (64)
[2018.11.12-16.59.19:305][691]LogModuleManager: Shutting down and abandoning module SteamVR (62)
[2018.11.12-16.59.19:305][691]LogModuleManager: Shutting down and abandoning module OculusHMD (60)
[2018.11.12-16.59.19:305][691]LogModuleManager: Shutting down and abandoning module GoogleARCoreRendering (58)
[2018.11.12-16.59.19:305][691]LogModuleManager: Shutting down and abandoning module ExampleDeviceProfileSelector (56)
[2018.11.12-16.59.19:306][691]LogModuleManager: Shutting down and abandoning module AppleARKit (54)
[2018.11.12-16.59.19:306][691]LogModuleManager: Shutting down and abandoning module AugmentedReality (51)
[2018.11.12-16.59.19:306][691]LogModuleManager: Shutting down and abandoning module OnlineBlueprintSupport (48)
[2018.11.12-16.59.19:306][691]LogModuleManager: Shutting down and abandoning module OnlineSubsystem (44)
[2018.11.12-16.59.19:306][691]LogModuleManager: Shutting down and abandoning module XMPP (43)
[2018.11.12-16.59.19:306][691]LogModuleManager: Shutting down and abandoning module HTTP (41)
[2018.11.12-16.59.19:306][691]LogHttp: Display: Http module shutting down, but needs to wait on 1 outstanding Http requests:
[2018.11.12-16.59.19:306][691]LogHttp: Display: 	verb=[POST] url=[https://datarouter.ol.epicgames.com/datarouter/api/v1/public/data?SessionID=%7B86F79FC6-45DB-EFCD-C71D-0EAFE784012B%7D&AppID=UEEditor.Rocket.Release&AppVersion=4.19.2-4033788%2B%2B%2BUE4%2BRelease-4.19&UserID=0584ac2744f0df3246d86daac2f2a6c1%7C1896bf41fe3843e4b0713576eda185c4%7Cbb138914-9353-4030-99ad-6fb701decf32&AppEnvironment=datacollector-binary&UploadType=eteventstream] status=Processing
[2018.11.12-16.59.19:330][691]LogModuleManager: Shutting down and abandoning module SSL (40)
[2018.11.12-16.59.19:335][691]LogModuleManager: Shutting down and abandoning module AnimationModifiers (36)
[2018.11.12-16.59.19:335][691]LogModuleManager: Shutting down and abandoning module PropertyEditor (35)
[2018.11.12-16.59.19:335][691]LogModuleManager: Shutting down and abandoning module AudioEditor (32)
[2018.11.12-16.59.19:335][691]LogModuleManager: Shutting down and abandoning module TextureCompressor (30)
[2018.11.12-16.59.19:337][691]LogModuleManager: Shutting down and abandoning module ShaderCore (28)
[2018.11.12-16.59.19:337][691]LogModuleManager: Shutting down and abandoning module Landscape (26)
[2018.11.12-16.59.19:337][691]LogModuleManager: Shutting down and abandoning module SlateRHIRenderer (24)
[2018.11.12-16.59.19:339][691]LogModuleManager: Shutting down and abandoning module OpenGLDrv (22)
[2018.11.12-16.59.19:339][691]LogModuleManager: Shutting down and abandoning module D3D11RHI (20)
[2018.11.12-16.59.19:339][691]LogModuleManager: Shutting down and abandoning module AnimGraphRuntime (18)
[2018.11.12-16.59.19:339][691]LogModuleManager: Shutting down and abandoning module Renderer (16)
[2018.11.12-16.59.19:339][691]LogModuleManager: Shutting down and abandoning module Engine (14)
[2018.11.12-16.59.19:339][691]LogModuleManager: Shutting down and abandoning module CoreUObject (12)
[2018.11.12-16.59.19:339][691]LogModuleManager: Shutting down and abandoning module NetworkFile (10)
[2018.11.12-16.59.19:339][691]LogModuleManager: Shutting down and abandoning module CookedIterativeFile (8)
[2018.11.12-16.59.19:339][691]LogModuleManager: Shutting down and abandoning module StreamingFile (6)
[2018.11.12-16.59.19:339][691]LogModuleManager: Shutting down and abandoning module SandboxFile (4)
[2018.11.12-16.59.19:339][691]LogModuleManager: Shutting down and abandoning module PakFile (2)
[2018.11.12-16.59.19:349][691]LogExit: Exiting.
[2018.11.12-16.59.19:388][691]Log file closed, 11/12/18 14:59:19
