Log file open, 11/05/18 14:07:37
LogWindows: Failed to load 'aqProf.dll' (GetLastError=126)
LogWindows: File 'aqProf.dll' does not exist
LogWindows: Failed to load 'VtuneApi.dll' (GetLastError=126)
LogWindows: File 'VtuneApi.dll' does not exist
LogWindows: Failed to load 'VtuneApi32e.dll' (GetLastError=126)
LogWindows: File 'VtuneApi32e.dll' does not exist
LogInit: Display: Running engine for game: guia_ra
LogPlatformFile: Not using cached read wrapper
LogInit: Display: RandInit(1462271438) SRandInit(1462271438).
LogInit: Read version file with build ID '3944462'
LogInit: Overriding engine version to CL 4033788, compatible CL 3944462
LogInit: Registered custom module enumerator with build ID '3944462'
LogTaskGraph: Started task graph with 5 named threads and 11 total threads with 3 sets of task threads.
LogStats: Stats thread started at 0.226512
LogD3D11RHI: Aftermath initialized
LogICUInternationalization: Display: ICU TimeZone Detection - Raw Offset: -3:00, Platform Override: ''
LogModuleManager: Display: Found up-to-date module file ../../../Engine/Plugins/Runtime/GoogleARCore/Binaries/Win64/UE4Editor-GoogleARCoreBase.dll (API version 3944462).
LogModuleManager: Display: Found up-to-date module file ../../../Engine/Plugins/Runtime/GoogleARCore/Binaries/Win64/UE4Editor-GoogleARCoreRendering.dll (API version 3944462).
LogModuleManager: Display: Found up-to-date module file ../../../Engine/Plugins/Runtime/AndroidPermission/Binaries/Win64/UE4Editor-AndroidPermission.dll (API version 3944462).
LogModuleManager: Display: Found up-to-date module file ../../../Engine/Plugins/2D/Paper2D/Binaries/Win64/UE4Editor-Paper2D.dll (API version 3944462).
LogModuleManager: Display: Found up-to-date module file ../../../Engine/Plugins/2D/Paper2D/Binaries/Win64/UE4Editor-Paper2DEditor.dll (API version 3944462).
LogModuleManager: Display: Found up-to-date module file ../../../Engine/Plugins/2D/Paper2D/Binaries/Win64/UE4Editor-PaperSpriteSheetImporter.dll (API version 3944462).
LogModuleManager: Display: Found up-to-date module file ../../../Engine/Plugins/2D/Paper2D/Binaries/Win64/UE4Editor-PaperTiledImporter.dll (API version 3944462).
LogModuleManager: Display: Found up-to-date module file ../../../Engine/Plugins/2D/Paper2D/Binaries/Win64/UE4Editor-SmartSnapping.dll (API version 3944462).
LogModuleManager: Display: Found up-to-date module file ../../../Engine/Plugins/Blendables/LightPropagationVolume/Binaries/Win64/UE4Editor-LightPropagationVolumeRuntime.dll (API version 3944462).
LogModuleManager: Display: Found up-to-date module file ../../../Engine/Plugins/Blendables/LightPropagationVolume/Binaries/Win64/UE4Editor-LightPropagationVolumeEditor.dll (API version 3944462).
LogModuleManager: Display: Found up-to-date module file ../../../Engine/Plugins/Developer/CLionSourceCodeAccess/Binaries/Win64/UE4Editor-CLionSourceCodeAccess.dll (API version 3944462).
LogModuleManager: Display: Found up-to-date module file ../../../Engine/Plugins/Developer/GitSourceControl/Binaries/Win64/UE4Editor-GitSourceControl.dll (API version 3944462).
LogModuleManager: Display: Found up-to-date module file ../../../Engine/Plugins/Developer/PerforceSourceControl/Binaries/Win64/UE4Editor-PerforceSourceControl.dll (API version 3944462).
LogModuleManager: Display: Found up-to-date module file ../../../Engine/Plugins/Developer/SubversionSourceControl/Binaries/Win64/UE4Editor-SubversionSourceControl.dll (API version 3944462).
LogModuleManager: Display: Found up-to-date module file ../../../Engine/Plugins/Developer/UObjectPlugin/Binaries/Win64/UE4Editor-UObjectPlugin.dll (API version 3944462).
LogModuleManager: Display: Found up-to-date module file ../../../Engine/Plugins/Developer/VisualStudioCodeSourceCodeAccess/Binaries/Win64/UE4Editor-VisualStudioCodeSourceCodeAccess.dll (API version 3944462).
LogModuleManager: Display: Found up-to-date module file ../../../Engine/Plugins/Developer/VisualStudioSourceCodeAccess/Binaries/Win64/UE4Editor-VisualStudioSourceCodeAccess.dll (API version 3944462).
LogModuleManager: Display: Found up-to-date module file ../../../Engine/Plugins/Editor/AssetManagerEditor/Binaries/Win64/UE4Editor-AssetManagerEditor.dll (API version 3944462).
LogModuleManager: Display: Found up-to-date module file ../../../Engine/Plugins/Editor/CryptoKeys/Binaries/Win64/UE4Editor-CryptoKeys.dll (API version 3944462).
LogModuleManager: Display: Found up-to-date module file ../../../Engine/Plugins/Editor/CryptoKeys/Binaries/Win64/UE4Editor-CryptoKeysOpenSSL.dll (API version 3944462).
LogModuleManager: Display: Found up-to-date module file ../../../Engine/Plugins/Editor/DataValidation/Binaries/Win64/UE4Editor-DataValidation.dll (API version 3944462).
LogModuleManager: Display: Found up-to-date module file ../../../Engine/Plugins/Editor/FacialAnimation/Binaries/Win64/UE4Editor-FacialAnimation.dll (API version 3944462).
LogModuleManager: Display: Found up-to-date module file ../../../Engine/Plugins/Editor/FacialAnimation/Binaries/Win64/UE4Editor-FacialAnimationEditor.dll (API version 3944462).
LogModuleManager: Display: Found up-to-date module file ../../../Engine/Plugins/Editor/GameplayTagsEditor/Binaries/Win64/UE4Editor-GameplayTagsEditor.dll (API version 3944462).
LogModuleManager: Display: Found up-to-date module file ../../../Engine/Plugins/Editor/MobileLauncherProfileWizard/Binaries/Win64/UE4Editor-MobileLauncherProfileWizard.dll (API version 3944462).
LogModuleManager: Display: Found up-to-date module file ../../../Engine/Plugins/Editor/PluginBrowser/Binaries/Win64/UE4Editor-PluginBrowser.dll (API version 3944462).
LogModuleManager: Display: Found up-to-date module file ../../../Engine/Plugins/Editor/SpeedTreeImporter/Binaries/Win64/UE4Editor-SpeedTreeImporter.dll (API version 3944462).
LogModuleManager: Display: Found up-to-date module file ../../../Engine/Plugins/Enterprise/DatasmithContent/Binaries/Win64/UE4Editor-DatasmithContent.dll (API version 3944462).
LogModuleManager: Display: Found up-to-date module file ../../../Engine/Plugins/Experimental/AlembicImporter/Binaries/Win64/UE4Editor-AlembicImporter.dll (API version 3944462).
LogModuleManager: Display: Found up-to-date module file ../../../Engine/Plugins/Experimental/AlembicImporter/Binaries/Win64/UE4Editor-AlembicLibrary.dll (API version 3944462).
LogModuleManager: Display: Found up-to-date module file ../../../Engine/Plugins/Experimental/CharacterAI/Binaries/Win64/UE4Editor-CharacterAI.dll (API version 3944462).
LogModuleManager: Display: Found up-to-date module file ../../../Engine/Plugins/Experimental/HTML5Networking/Binaries/Win64/UE4Editor-HTML5Networking.dll (API version 3944462).
LogModuleManager: Display: Found up-to-date module file ../../../Engine/Plugins/Media/AndroidMedia/Binaries/Win64/UE4Editor-AndroidMediaEditor.dll (API version 3944462).
LogModuleManager: Display: Found up-to-date module file ../../../Engine/Plugins/Media/AndroidMedia/Binaries/Win64/UE4Editor-AndroidMediaFactory.dll (API version 3944462).
LogModuleManager: Display: Found up-to-date module file ../../../Engine/Plugins/Media/AvfMedia/Binaries/Win64/UE4Editor-AvfMediaEditor.dll (API version 3944462).
LogModuleManager: Display: Found up-to-date module file ../../../Engine/Plugins/Media/AvfMedia/Binaries/Win64/UE4Editor-AvfMediaFactory.dll (API version 3944462).
LogModuleManager: Display: Found up-to-date module file ../../../Engine/Plugins/Media/AvfMedia/Binaries/Win64/UE4Editor-AvfMediaFactory.dll (API version 3944462).
LogModuleManager: Display: Found up-to-date module file ../../../Engine/Plugins/Media/ImgMedia/Binaries/Win64/UE4Editor-ImgMedia.dll (API version 3944462).
LogModuleManager: Display: Found up-to-date module file ../../../Engine/Plugins/Media/ImgMedia/Binaries/Win64/UE4Editor-ImgMediaEditor.dll (API version 3944462).
LogModuleManager: Display: Found up-to-date module file ../../../Engine/Plugins/Media/ImgMedia/Binaries/Win64/UE4Editor-ImgMediaFactory.dll (API version 3944462).
LogModuleManager: Display: Found up-to-date module file ../../../Engine/Plugins/Media/ImgMedia/Binaries/Win64/UE4Editor-ImgMediaFactory.dll (API version 3944462).
LogModuleManager: Display: Found up-to-date module file ../../../Engine/Plugins/Media/ImgMedia/Binaries/Win64/UE4Editor-OpenExrWrapper.dll (API version 3944462).
LogModuleManager: Display: Found up-to-date module file ../../../Engine/Plugins/Media/LinearTimecode/Binaries/Win64/UE4Editor-LinearTimecode.dll (API version 3944462).
LogModuleManager: Display: Found up-to-date module file ../../../Engine/Plugins/Media/MediaCompositing/Binaries/Win64/UE4Editor-MediaCompositing.dll (API version 3944462).
LogModuleManager: Display: Found up-to-date module file ../../../Engine/Plugins/Media/MediaCompositing/Binaries/Win64/UE4Editor-MediaCompositingEditor.dll (API version 3944462).
LogModuleManager: Display: Found up-to-date module file ../../../Engine/Plugins/Media/MediaPlayerEditor/Binaries/Win64/UE4Editor-MediaPlayerEditor.dll (API version 3944462).
LogModuleManager: Display: Found up-to-date module file ../../../Engine/Plugins/Media/WmfMedia/Binaries/Win64/UE4Editor-WmfMedia.dll (API version 3944462).
LogModuleManager: Display: Found up-to-date module file ../../../Engine/Plugins/Media/WmfMedia/Binaries/Win64/UE4Editor-WmfMediaEditor.dll (API version 3944462).
LogModuleManager: Display: Found up-to-date module file ../../../Engine/Plugins/Media/WmfMedia/Binaries/Win64/UE4Editor-WmfMediaFactory.dll (API version 3944462).
LogModuleManager: Display: Found up-to-date module file ../../../Engine/Plugins/Media/WmfMedia/Binaries/Win64/UE4Editor-WmfMediaFactory.dll (API version 3944462).
LogModuleManager: Display: Found up-to-date module file ../../../Engine/Plugins/Messaging/TcpMessaging/Binaries/Win64/UE4Editor-TcpMessaging.dll (API version 3944462).
LogModuleManager: Display: Found up-to-date module file ../../../Engine/Plugins/Messaging/UdpMessaging/Binaries/Win64/UE4Editor-UdpMessaging.dll (API version 3944462).
LogModuleManager: Display: Found up-to-date module file ../../../Engine/Plugins/MovieScene/ActorSequence/Binaries/Win64/UE4Editor-ActorSequence.dll (API version 3944462).
LogModuleManager: Display: Found up-to-date module file ../../../Engine/Plugins/MovieScene/LevelSequenceEditor/Binaries/Win64/UE4Editor-LevelSequenceEditor.dll (API version 3944462).
LogModuleManager: Display: Found up-to-date module file ../../../Engine/Plugins/MovieScene/MatineeToLevelSequence/Binaries/Win64/UE4Editor-MatineeToLevelSequence.dll (API version 3944462).
LogModuleManager: Display: Found up-to-date module file ../../../Engine/Plugins/NetcodeUnitTest/NetcodeUnitTest/Binaries/Win64/UE4Editor-NetcodeUnitTest.dll (API version 3944462).
LogModuleManager: Display: Found up-to-date module file ../../../Engine/Plugins/NetcodeUnitTest/NUTUnrealEngine4/Binaries/Win64/UE4Editor-NUTUnrealEngine4.dll (API version 3944462).
LogModuleManager: Display: Found up-to-date module file ../../../Engine/Plugins/Online/OnlineSubsystem/Binaries/Win64/UE4Editor-OnlineSubsystem.dll (API version 3944462).
LogModuleManager: Display: Found up-to-date module file ../../../Engine/Plugins/Online/OnlineSubsystemNull/Binaries/Win64/UE4Editor-OnlineSubsystemNull.dll (API version 3944462).
LogModuleManager: Display: Found up-to-date module file ../../../Engine/Plugins/Online/OnlineSubsystemUtils/Binaries/Win64/UE4Editor-OnlineSubsystemUtils.dll (API version 3944462).
LogModuleManager: Display: Found up-to-date module file ../../../Engine/Plugins/Online/OnlineSubsystemUtils/Binaries/Win64/UE4Editor-OnlineBlueprintSupport.dll (API version 3944462).
LogModuleManager: Display: Found up-to-date module file ../../../Engine/Plugins/Runtime/AndroidDeviceProfileSelector/Binaries/Win64/UE4Editor-AndroidDeviceProfileSelector.dll (API version 3944462).
LogModuleManager: Display: Found up-to-date module file ../../../Engine/Plugins/Runtime/AppleARKit/Binaries/Win64/UE4Editor-AppleARKit.dll (API version 3944462).
LogModuleManager: Display: Found up-to-date module file ../../../Engine/Plugins/Runtime/ProceduralMeshComponent/Binaries/Win64/UE4Editor-ProceduralMeshComponent.dll (API version 3944462).
LogModuleManager: Display: Found up-to-date module file ../../../Engine/Plugins/Runtime/ProceduralMeshComponent/Binaries/Win64/UE4Editor-ProceduralMeshComponentEditor.dll (API version 3944462).
LogModuleManager: Display: Found up-to-date module file ../../../Engine/Plugins/Animation/LiveLink/Binaries/Win64/UE4Editor-LiveLink.dll (API version 3944462).
LogModuleManager: Display: Found up-to-date module file ../../../Engine/Plugins/Animation/LiveLink/Binaries/Win64/UE4Editor-LiveLinkEditor.dll (API version 3944462).
LogModuleManager: Display: Found up-to-date module file ../../../Engine/Plugins/Runtime/ArchVisCharacter/Binaries/Win64/UE4Editor-ArchVisCharacter.dll (API version 3944462).
LogModuleManager: Display: Found up-to-date module file ../../../Engine/Plugins/Runtime/AudioCapture/Binaries/Win64/UE4Editor-AudioCapture.dll (API version 3944462).
LogModuleManager: Display: Found up-to-date module file ../../../Engine/Plugins/Runtime/AudioCapture/Binaries/Win64/UE4Editor-AudioCaptureEditor.dll (API version 3944462).
LogModuleManager: Display: Found up-to-date module file ../../../Engine/Plugins/Runtime/CableComponent/Binaries/Win64/UE4Editor-CableComponent.dll (API version 3944462).
LogModuleManager: Display: Found up-to-date module file ../../../Engine/Plugins/Runtime/CustomMeshComponent/Binaries/Win64/UE4Editor-CustomMeshComponent.dll (API version 3944462).
LogModuleManager: Display: Found up-to-date module file ../../../Engine/Plugins/Runtime/ExampleDeviceProfileSelector/Binaries/Win64/UE4Editor-ExampleDeviceProfileSelector.dll (API version 3944462).
LogModuleManager: Display: Found up-to-date module file ../../../Engine/Plugins/Runtime/ImmediatePhysics/Binaries/Win64/UE4Editor-ImmediatePhysics.dll (API version 3944462).
LogModuleManager: Display: Found up-to-date module file ../../../Engine/Plugins/Runtime/ImmediatePhysics/Binaries/Win64/UE4Editor-ImmediatePhysicsEditor.dll (API version 3944462).
LogModuleManager: Display: Found up-to-date module file ../../../Engine/Plugins/Runtime/LocationServicesBPLibrary/Binaries/Win64/UE4Editor-LocationServicesBPLibrary.dll (API version 3944462).
LogModuleManager: Display: Found up-to-date module file ../../../Engine/Plugins/Runtime/MobilePatchingUtils/Binaries/Win64/UE4Editor-MobilePatchingUtils.dll (API version 3944462).
LogModuleManager: Display: Found up-to-date module file ../../../Engine/Plugins/Runtime/Oculus/OculusVR/Binaries/Win64/UE4Editor-OculusHMD.dll (API version 3944462).
LogModuleManager: Display: Found up-to-date module file ../../../Engine/Plugins/Runtime/Oculus/OculusVR/Binaries/Win64/UE4Editor-OculusInput.dll (API version 3944462).
LogModuleManager: Display: Found up-to-date module file ../../../Engine/Plugins/Runtime/Oculus/OculusVR/Binaries/Win64/UE4Editor-OculusEditor.dll (API version 3944462).
LogModuleManager: Display: Found up-to-date module file ../../../Engine/Plugins/Runtime/PhysXVehicles/Binaries/Win64/UE4Editor-PhysXVehicles.dll (API version 3944462).
LogModuleManager: Display: Found up-to-date module file ../../../Engine/Plugins/Runtime/PhysXVehicles/Binaries/Win64/UE4Editor-PhysXVehiclesEditor.dll (API version 3944462).
LogModuleManager: Display: Found up-to-date module file ../../../Engine/Plugins/Runtime/RuntimePhysXCooking/Binaries/Win64/UE4Editor-RuntimePhysXCooking.dll (API version 3944462).
LogModuleManager: Display: Found up-to-date module file ../../../Engine/Plugins/Runtime/Steam/SteamVR/Binaries/Win64/UE4Editor-SteamVR.dll (API version 3944462).
LogModuleManager: Display: Found up-to-date module file ../../../Engine/Plugins/Runtime/Steam/SteamVR/Binaries/Win64/UE4Editor-SteamVRController.dll (API version 3944462).
LogModuleManager: Display: Found up-to-date module file ../../../Engine/Plugins/Runtime/WindowsMoviePlayer/Binaries/Win64/UE4Editor-WindowsMoviePlayer.dll (API version 3944462).
LogPluginManager: Mounting plugin Paper2D
LogPluginManager: Mounting plugin LiveLink
LogPluginManager: Mounting plugin LightPropagationVolume
LogPluginManager: Mounting plugin CLionSourceCodeAccess
LogPluginManager: Mounting plugin CodeLiteSourceCodeAccess
LogPluginManager: Mounting plugin GitSourceControl
LogPluginManager: Mounting plugin KDevelopSourceCodeAccess
LogPluginManager: Mounting plugin NullSourceCodeAccess
LogPluginManager: Mounting plugin PerforceSourceControl
LogPluginManager: Mounting plugin SubversionSourceControl
LogPluginManager: Mounting plugin UObjectPlugin
LogPluginManager: Mounting plugin VisualStudioCodeSourceCodeAccess
LogPluginManager: Mounting plugin VisualStudioSourceCodeAccess
LogPluginManager: Mounting plugin XCodeSourceCodeAccess
LogPluginManager: Mounting plugin AssetManagerEditor
LogPluginManager: Mounting plugin CryptoKeys
LogPluginManager: Mounting plugin DataValidation
LogPluginManager: Mounting plugin FacialAnimation
LogPluginManager: Mounting plugin GameplayTagsEditor
LogPluginManager: Mounting plugin MobileLauncherProfileWizard
LogPluginManager: Mounting plugin PluginBrowser
LogPluginManager: Mounting plugin SpeedTreeImporter
LogPluginManager: Mounting plugin DatasmithContent
LogPluginManager: Mounting plugin AlembicImporter
LogPluginManager: Mounting plugin CharacterAI
LogPluginManager: Mounting plugin HTML5Networking
LogPluginManager: Mounting plugin AndroidMedia
LogPluginManager: Mounting plugin AvfMedia
LogPluginManager: Mounting plugin ImgMedia
LogPluginManager: Mounting plugin LinearTimecode
LogPluginManager: Mounting plugin MediaCompositing
LogPluginManager: Mounting plugin MediaPlayerEditor
LogPluginManager: Mounting plugin WmfMedia
LogPluginManager: Mounting plugin TcpMessaging
LogPluginManager: Mounting plugin UdpMessaging
LogPluginManager: Mounting plugin ActorSequence
LogPluginManager: Mounting plugin LevelSequenceEditor
LogPluginManager: Mounting plugin MatineeToLevelSequence
LogPluginManager: Mounting plugin NetcodeUnitTest
LogPluginManager: Mounting plugin NUTUnrealEngine4
LogPluginManager: Mounting plugin OnlineSubsystemGooglePlay
LogPluginManager: Mounting plugin OnlineSubsystemIOS
LogPluginManager: Mounting plugin OnlineSubsystem
LogPluginManager: Mounting plugin OnlineSubsystemNull
LogPluginManager: Mounting plugin OnlineSubsystemUtils
LogPluginManager: Mounting plugin AndroidDeviceProfileSelector
LogPluginManager: Mounting plugin AndroidMoviePlayer
LogPluginManager: Mounting plugin AndroidPermission
LogPluginManager: Mounting plugin AppleARKit
LogPluginManager: Mounting plugin AppleMoviePlayer
LogPluginManager: Mounting plugin ArchVisCharacter
LogPluginManager: Mounting plugin AudioCapture
LogPluginManager: Mounting plugin CableComponent
LogPluginManager: Mounting plugin CustomMeshComponent
LogPluginManager: Mounting plugin ExampleDeviceProfileSelector
LogPluginManager: Mounting plugin GoogleARCore
LogPluginManager: Mounting plugin GoogleCloudMessaging
LogPluginManager: Mounting plugin ImmediatePhysics
LogPluginManager: Mounting plugin IOSDeviceProfileSelector
LogPluginManager: Mounting plugin LinuxDeviceProfileSelector
LogPluginManager: Mounting plugin LocationServicesBPLibrary
LogPluginManager: Mounting plugin MobilePatchingUtils
LogPluginManager: Mounting plugin OculusVR
LogPluginManager: Plugin shader directory ../../../Engine/Plugins/Runtime/Oculus/OculusVR/Shaders found
LogPluginManager: Mapping shader source directory ../../../Engine/Plugins/Runtime/Oculus/OculusVR/Shaders to virtual directory /Plugin/OculusVR
LogPluginManager: Mounting plugin PhysXVehicles
LogPluginManager: Mounting plugin ProceduralMeshComponent
LogPluginManager: Mounting plugin RuntimePhysXCooking
LogPluginManager: Mounting plugin SteamVR
LogPluginManager: Mounting plugin WindowsMoviePlayer
LogStreaming: Display: Took  5.575s to configure plugins.
LogInit: Using libcurl 7.47.1
LogInit:  - built for x86_64-pc-win32
LogInit:  - supports SSL with OpenSSL/1.0.2g
LogInit:  - supports HTTP deflate (compression) using libz 1.2.8
LogInit:  - other features:
LogInit:      CURL_VERSION_SSL
LogInit:      CURL_VERSION_LIBZ
LogInit:      CURL_VERSION_IPV6
LogInit:      CURL_VERSION_ASYNCHDNS
LogInit:      CURL_VERSION_LARGEFILE
LogInit:      CURL_VERSION_IDN
LogInit:  CurlRequestOptions (configurable via config and command line):
LogInit:  - bVerifyPeer = false  - Libcurl will NOT verify peer certificate
LogInit:  - bUseHttpProxy = false  - Libcurl will NOT use HTTP proxy
LogInit:  - bDontReuseConnections = false  - Libcurl will reuse connections
LogInit:  - CertBundlePath = nullptr  - Libcurl will use whatever was configured at build time.
LogInit:  - MaxHostConnections = 16  - Libcurl will limit the number of connections to a host
LogInit:  - LocalHostAddr = Default
LogInit: WinSock: version 1.1 (2.2), MaxSocks=32767, MaxUdp=65467
LogInit: WinSock: I am PedroChazanas (10.144.239.166:0)
LogInit: Build: ++UE4+Release-4.19-CL-4033788
LogInit: Engine Version: 4.19.2-4033788+++UE4+Release-4.19
LogInit: Compatible Engine Version: 4.19.0-3944462+++UE4+Release-4.19
LogInit: Net CL: 3944462
LogDevObjectVersion: Number of dev versions registered: 18
LogDevObjectVersion:   Dev-Blueprints (B0D832E4-1F89-4F0D-ACCF-7EB736FD4AA2): 10
LogDevObjectVersion:   Dev-Build (E1C64328-A22C-4D53-A36C-8E866417BD8C): 0
LogDevObjectVersion:   Dev-Core (375EC13C-06E4-48FB-B500-84F0262A717E): 2
LogDevObjectVersion:   Dev-Editor (E4B068ED-F494-42E9-A231-DA0B2E46BB41): 23
LogDevObjectVersion:   Dev-Framework (CFFC743F-43B0-4480-9391-14DF171D2073): 33
LogDevObjectVersion:   Dev-Mobile (B02B49B5-BB20-44E9-A304-32B752E40360): 2
LogDevObjectVersion:   Dev-Networking (A4E4105C-59A1-49B5-A7C5-40C4547EDFEE): 0
LogDevObjectVersion:   Dev-Online (39C831C9-5AE6-47DC-9A44-9C173E1C8E7C): 0
LogDevObjectVersion:   Dev-Physics (78F01B33-EBEA-4F98-B9B4-84EACCB95AA2): 0
LogDevObjectVersion:   Dev-Platform (6631380F-2D4D-43E0-8009-CF276956A95A): 0
LogDevObjectVersion:   Dev-Rendering (12F88B9F-8875-4AFC-A67C-D90C383ABD29): 25
LogDevObjectVersion:   Dev-Sequencer (7B5AE74C-D270-4C10-A958-57980B212A5A): 6
LogDevObjectVersion:   Dev-VR (D7296918-1DD6-4BDD-9DE2-64A83CC13884): 1
LogDevObjectVersion:   Dev-LoadTimes (C2A15278-BFE7-4AFE-6C17-90FF531DF755): 1
LogDevObjectVersion:   Private-Geometry (6EACA3D4-40EC-4CC1-B786-8BED09428FC5): 2
LogDevObjectVersion:   Dev-AnimPhys (29E575DD-E0A3-4627-9D10-D276232CDCEA): 16
LogDevObjectVersion:   Dev-ReflectionCapture (6B266CEC-1EC7-4B8F-A30B-E4D90942FC07): 1
LogDevObjectVersion:   Dev-Automation (0DF73D61-A23F-47EA-B727-89E90C41499A): 1
LogInit: Compiled (64-bit): Apr 27 2018 02:06:57
LogInit: Compiled with Visual C++: 19.00.24215.01
LogInit: Build Configuration: Development
LogInit: Branch Name: ++UE4+Release-4.19
LogInit: Command Line: -EpicPortal  -epicusername="chazanas" -epicuserid=1896bf41fe3843e4b0713576eda185c4 -epiclocale=pt-BR
LogInit: Base Directory: C:/Program Files/Epic Games/UE_4.19/Engine/Binaries/Win64/
LogInit: Installed Engine Build: 1
LogStreaming: Display: Took  0.001s to delete old logs.
LogInit: Presizing for max 8388607 objects, including 0 objects not considered by GC, pre-allocating 0 bytes for permanent pool.
LogInit: Object subsystem initialized
[2018.11.05-16.07.43:348][  0]LogInit: Selected Device Profile: [Windows]
[2018.11.05-16.07.43:348][  0]LogInit: Applying CVar settings loaded from the selected device profile: [Windows]
[2018.11.05-16.07.43:453][  0]LogInit: Computer: PEDROCHAZANAS
[2018.11.05-16.07.43:453][  0]LogInit: User: plnch
[2018.11.05-16.07.43:453][  0]LogInit: CPU Page size=4096, Cores=2
[2018.11.05-16.07.43:453][  0]LogInit: High frequency timer resolution =2.338339 MHz
[2018.11.05-16.07.43:453][  0]LogMemory: Memory total: Physical=7.9GB (8GB approx)
[2018.11.05-16.07.43:453][  0]LogMemory: Platform Memory Stats for Windows
[2018.11.05-16.07.43:453][  0]LogMemory: Process Physical Memory: 274.41 MB used, 274.41 MB peak
[2018.11.05-16.07.43:454][  0]LogMemory: Process Virtual Memory: 264.32 MB used, 264.32 MB peak
[2018.11.05-16.07.43:454][  0]LogMemory: Physical Memory: 4142.51 MB used,  3965.93 MB free, 8108.44 MB total
[2018.11.05-16.07.43:454][  0]LogMemory: Virtual Memory: 4766.83 MB used,  3965.93 MB free, 134217728.00 MB total
[2018.11.05-16.07.43:537][  0]LogInit: Using OS detected language (pt-BR).
[2018.11.05-16.07.43:538][  0]LogInit: Using OS detected locale (pt-BR).
[2018.11.05-16.07.44:095][  0]LogStreaming: Display: Took  0.559s to EndInitTextLocalization.
[2018.11.05-16.07.44:096][  0]LogInit: Setting process to per monitor DPI aware
[2018.11.05-16.07.44:222][  0]LogSlate: New Slate User Created.  User Index 0, Is Virtual User: 0
[2018.11.05-16.07.44:222][  0]LogSlate: Slate User Registered.  User Index 0, Is Virtual User: 0
[2018.11.05-16.07.44:710][  0]LogD3D11RHI: D3D11 adapters:
[2018.11.05-16.07.44:816][  0]LogD3D11RHI:    0. 'NVIDIA GeForce 920M' (Feature Level 11_0)
[2018.11.05-16.07.44:816][  0]LogD3D11RHI:       2009/0/4054 MB DedicatedVideo/DedicatedSystem/SharedSystem, Outputs:1, VendorId:0x10de
[2018.11.05-16.07.44:828][  0]LogD3D11RHI:    1. 'Intel(R) HD Graphics Family' (Feature Level 11_0)
[2018.11.05-16.07.44:828][  0]LogD3D11RHI:       112/0/2048 MB DedicatedVideo/DedicatedSystem/SharedSystem, Outputs:0, VendorId:0x8086
[2018.11.05-16.07.44:833][  0]LogD3D11RHI:    2. 'Microsoft Basic Render Driver' (Feature Level 11_0)
[2018.11.05-16.07.44:833][  0]LogD3D11RHI:       0/0/4054 MB DedicatedVideo/DedicatedSystem/SharedSystem, Outputs:0, VendorId:0x1414
[2018.11.05-16.07.44:833][  0]LogD3D11RHI: Chosen D3D11 Adapter: 0
[2018.11.05-16.07.44:876][  0]LogD3D11RHI: Creating new Direct3DDevice
[2018.11.05-16.07.44:876][  0]LogD3D11RHI:     GPU DeviceId: 0x1299 (for the marketing name, search the web for "GPU Device Id")
[2018.11.05-16.07.44:876][  0]LogWindows: EnumDisplayDevices:
[2018.11.05-16.07.44:877][  0]LogWindows:    0. 'Intel(R) HD Graphics Family' (P:1 D:1)
[2018.11.05-16.07.44:877][  0]LogWindows:    1. 'Intel(R) HD Graphics Family' (P:0 D:0)
[2018.11.05-16.07.44:878][  0]LogWindows:    2. 'Intel(R) HD Graphics Family' (P:0 D:0)
[2018.11.05-16.07.44:878][  0]LogWindows: DebugString: GetVideoDriverDetailsInvalid PrimaryIsNotTheChoosenAdapter GetVideoDriverDetailsInvalid PrimaryIsNotTheChoosenAdapter GetVideoDriverDetailsInvalid PrimaryIsNotTheChoosenAdapter FoundDriverCount:0 
[2018.11.05-16.07.44:878][  0]LogD3D11RHI:     Adapter Name: NVIDIA GeForce 920M
[2018.11.05-16.07.44:878][  0]LogD3D11RHI:   Driver Version: Unknown (internal:Unknown, unified:Unknown)
[2018.11.05-16.07.44:878][  0]LogD3D11RHI:      Driver Date: Unknown
[2018.11.05-16.07.44:878][  0]LogRHI: Texture pool is 1406 MB (70% of 2009 MB)
[2018.11.05-16.07.44:955][  0]LogD3D11RHI: [Aftermath] Aftermath enabled and primed
[2018.11.05-16.07.44:955][  0]LogD3D11RHI: Async texture creation enabled
[2018.11.05-16.07.44:979][  0]LogD3D11RHI: GPU Timing Frequency: 1000.000000 (Debug: 2 2)
[2018.11.05-16.07.44:982][  0]LogShaderCompilers: Guid format shader working directory is 12 characters bigger than the processId version (../../../../../../guia_ra/guia_ra/Intermediate/Shaders/WorkingDirectory/11860/).
[2018.11.05-16.07.44:983][  0]LogShaderCompilers: Cleaned the shader compiler working directory 'C:/Users/plnch/AppData/Local/Temp/UnrealShaderWorkingDir/F2EB5B4F4DA232EBB99ED0BA668BD1D4/'.
[2018.11.05-16.07.45:463][  0]LogTemp: Display: Loaded TP AllDesktopTargetPlatform
[2018.11.05-16.07.45:488][  0]LogTemp: Display: Loaded TP MacClientTargetPlatform
[2018.11.05-16.07.45:511][  0]LogTemp: Display: Loaded TP MacNoEditorTargetPlatform
[2018.11.05-16.07.45:535][  0]LogTemp: Display: Loaded TP MacServerTargetPlatform
[2018.11.05-16.07.45:558][  0]LogTemp: Display: Loaded TP MacTargetPlatform
[2018.11.05-16.07.45:586][  0]LogTemp: Display: Loaded TP WindowsClientTargetPlatform
[2018.11.05-16.07.45:609][  0]LogTemp: Display: Loaded TP WindowsNoEditorTargetPlatform
[2018.11.05-16.07.45:635][  0]LogTemp: Display: Loaded TP WindowsServerTargetPlatform
[2018.11.05-16.07.45:648][  0]LogTemp: Display: Loaded TP WindowsTargetPlatform
[2018.11.05-16.07.45:668][  0]LogTemp: Display: Loaded TP Android_ASTCTargetPlatform
[2018.11.05-16.07.45:687][  0]LogTemp: Display: Loaded TP Android_ATCTargetPlatform
[2018.11.05-16.07.45:708][  0]LogTemp: Display: Loaded TP Android_DXTTargetPlatform
[2018.11.05-16.07.45:725][  0]LogTemp: Display: Loaded TP Android_ETC1aTargetPlatform
[2018.11.05-16.07.45:744][  0]LogTemp: Display: Loaded TP Android_ETC1TargetPlatform
[2018.11.05-16.07.45:764][  0]LogTemp: Display: Loaded TP Android_ETC2TargetPlatform
[2018.11.05-16.07.45:805][  0]LogTemp: Display: Loaded TP Android_MultiTargetPlatform
[2018.11.05-16.07.45:805][  0]LogTemp: Display: Loaded TP Android_PVRTCTargetPlatform
[2018.11.05-16.07.45:824][  0]LogTemp: Display: Loaded TP AndroidTargetPlatform
[2018.11.05-16.07.45:827][  0]LogTemp: Display: Loaded TP HTML5TargetPlatform
[2018.11.05-16.07.45:877][  0]LogTemp: Display: Loaded TP IOSTargetPlatform
[2018.11.05-16.07.45:896][  0]LogTemp: Display: Loaded TP TVOSTargetPlatform
[2018.11.05-16.07.45:917][  0]LogTemp: Display: Loaded TP LinuxClientTargetPlatform
[2018.11.05-16.07.45:938][  0]LogTemp: Display: Loaded TP LinuxNoEditorTargetPlatform
[2018.11.05-16.07.45:956][  0]LogTemp: Display: Loaded TP LinuxServerTargetPlatform
[2018.11.05-16.07.45:975][  0]LogTemp: Display: Loaded TP LinuxTargetPlatform
[2018.11.05-16.07.45:975][  0]LogTargetPlatformManager: Display: Building Assets For Windows
[2018.11.05-16.07.46:298][  0]LogXGEController: Cannot use XGE Controller as Incredibuild is not installed on this machine.
[2018.11.05-16.07.46:299][  0]LogShaderCompilers: Cannot use XGE Shader Compiler as Incredibuild is not installed on this machine.
[2018.11.05-16.07.46:299][  0]LogShaderCompilers: Display: Using Local Shader Compiler.
[2018.11.05-16.07.47:603][  0]LogDerivedDataCache: Display: Max Cache Size: 512 MB
[2018.11.05-16.07.47:765][  0]LogDerivedDataCache: Loaded boot cache 0.16s 74MB C:/Users/plnch/AppData/Local/UnrealEngine/4.19/DerivedDataCache/Boot.ddc.
[2018.11.05-16.07.47:766][  0]LogDerivedDataCache: Display: Loaded Boot cache: C:/Users/plnch/AppData/Local/UnrealEngine/4.19/DerivedDataCache/Boot.ddc
[2018.11.05-16.07.47:766][  0]LogDerivedDataCache: FDerivedDataBackendGraph:  Pak pak cache file ../../../../../../guia_ra/guia_ra/DerivedDataCache/DDC.ddp not found, will not use a pak cache.
[2018.11.05-16.07.47:766][  0]LogDerivedDataCache: Unable to find inner node Pak for hierarchical cache Hierarchy.
[2018.11.05-16.07.47:766][  0]LogDerivedDataCache: FDerivedDataBackendGraph:  CompressedPak pak cache file ../../../../../../guia_ra/guia_ra/DerivedDataCache/Compressed.ddp not found, will not use a pak cache.
[2018.11.05-16.07.47:766][  0]LogDerivedDataCache: Unable to find inner node CompressedPak for hierarchical cache Hierarchy.
[2018.11.05-16.07.47:790][  0]LogDerivedDataCache: Display: Pak cache opened for reading ../../../Engine/DerivedDataCache/Compressed.ddp.
[2018.11.05-16.07.47:805][  0]LogDerivedDataCache: Using Local data cache path C:/Users/plnch/AppData/Local/UnrealEngine/Common/DerivedDataCache: Writable
[2018.11.05-16.07.47:805][  0]LogDerivedDataCache: Shared data cache path not found in *engine.ini, will not use an Shared cache.
[2018.11.05-16.07.47:805][  0]LogDerivedDataCache: Unable to find inner node Shared for hierarchical cache Hierarchy.
[2018.11.05-16.07.47:822][  0]LogMaterial: Verifying Global Shaders for PCD3D_SM5
[2018.11.05-16.07.47:823][  0]LogSlate: Using Freetype 2.6.0
[2018.11.05-16.07.47:824][  0]LogSlate: SlateFontCache - WITH_FREETYPE: 1, WITH_HARFBUZZ: 1
[2018.11.05-16.07.47:824][  0]LogSlate: SlateFontCache - WITH_FREETYPE: 1, WITH_HARFBUZZ: 1
[2018.11.05-16.07.48:101][  0]LogAssetRegistry: FAssetRegistry took 0.0292 seconds to start up
[2018.11.05-16.07.48:671][  0]LogInit: Selected Device Profile: [Windows]
[2018.11.05-16.07.48:957][  0]LogSimplygon: Simplygon DLL not present - disabling.
[2018.11.05-16.07.48:966][  0]LogMeshReduction: Using SimplygonSwarm for distributed automatic mesh merging
[2018.11.05-16.07.48:966][  0]LogMeshReduction: Using QuadricMeshReduction for automatic static mesh reduction
[2018.11.05-16.07.48:966][  0]LogMeshReduction: No automatic skeletal mesh reduction module available
[2018.11.05-16.07.48:966][  0]LogMeshReduction: No automatic mesh merging module available
[2018.11.05-16.07.48:966][  0]LogMeshMerging: No automatic mesh merging module available
[2018.11.05-16.07.49:045][  0]LogNetVersion: guia_ra , NetCL: 3944462, EngineNetVer: 2, GameNetVer: 0 (Checksum: 1615601616)
[2018.11.05-16.07.50:388][  0]LogPackageLocalizationCache: Processed 10 localized package path(s) for 2 prioritized culture(s) in 0.547019 seconds
[2018.11.05-16.07.50:396][  0]LogUObjectArray: 36745 objects as part of root set at end of initial load.
[2018.11.05-16.07.50:396][  0]LogUObjectAllocator: 7321952 out of 0 bytes used by permanent object pool.
[2018.11.05-16.07.50:396][  0]LogUObjectArray: CloseDisregardForGC: 0/0 objects in disregard for GC pool
[2018.11.05-16.07.55:336][  0]LogTcpMessaging: Initializing TcpMessaging bridge
[2018.11.05-16.07.55:489][  0]LogUdpMessaging: Initializing bridge on interface 0.0.0.0:0 to multicast group 230.0.0.1:6666.
[2018.11.05-16.07.56:973][  0]SourceControl: Controle de origem desativado
[2018.11.05-16.07.56:973][  0]SourceControl: Controle de origem desativado
[2018.11.05-16.07.57:033][  0]SourceControl: Controle de origem desativado
[2018.11.05-16.07.57:092][  0]SourceControl: Controle de origem desativado
[2018.11.05-16.07.59:330][  0]LogAndroidPermission: UAndroidPermissionCallbackProxy::GetInstance
[2018.11.05-16.08.00:208][  0]LogOcInput: OculusInput pre-init called
[2018.11.05-16.08.00:688][  0]LogEngine: Initializing Engine...
[2018.11.05-16.08.00:693][  0]LogHMD: Failed to initialize OpenVR with code 110
[2018.11.05-16.08.00:698][  0]LogStats: UGameplayTagsManager::ConstructGameplayTagTree: Construct from data asset -  0.000 s
[2018.11.05-16.08.00:699][  0]LogStats: UGameplayTagsManager::ConstructGameplayTagTree: GameplayTagTreeChangedEvent.Broadcast -  0.000 s
[2018.11.05-16.08.01:148][  0]LogAIModule: Creating AISystem for world Untitled
[2018.11.05-16.08.01:194][  0]LogInit: XAudio2 using 'Fones de ouvido / Alto falantes (Realtek High Definition Audio)' : 2 channels at 48 kHz using 32 bits per sample (channel mask 0x3)
[2018.11.05-16.08.01:848][  0]LogInit: FAudioDevice initialized.
[2018.11.05-16.08.02:073][  0]LogDerivedDataCache: Saved boot cache 0.22s 74MB C:/Users/plnch/AppData/Local/UnrealEngine/4.19/DerivedDataCache/Boot.ddc.
[2018.11.05-16.08.02:112][  0]LogInit: Texture streaming: Enabled
[2018.11.05-16.08.02:162][  0]LogEngineSessionManager: EngineSessionManager initialized
[2018.11.05-16.08.02:232][  0]LogInit: Transaction tracking system initialized
[2018.11.05-16.08.02:305][  0]BlueprintLog: New page: Carregar Editor
[2018.11.05-16.08.02:555][  0]LocalizationService: Localization service is disabled
[2018.11.05-16.08.02:843][  0]LogUObjectGlobals: Created PersistentFrame Addr=0x000001e814a795a0, Size=88, Default__Landscape_Sculpt_Mode_C Function /Engine/Tutorial/Landscape/Landscape_Sculpt_Mode.Landscape_Sculpt_Mode_C:ExecuteUbergraph_Landscape_Sculpt_Mode
[2018.11.05-16.08.02:846][  0]LogUObjectGlobals: Destroyed PersistentFrame Addr=0x000001e814a795a0, Size=88
[2018.11.05-16.08.02:846][  0]LogUObjectGlobals: Created PersistentFrame Addr=0x000001e814a795a0, Size=88, Default__Landscape_Sculpt_Mode_C Function /Engine/Transient.REINST_Landscape_Sculpt_Mode_C_3:ExecuteUbergraph_Landscape_Sculpt_Mode
[2018.11.05-16.08.02:851][  0]LogUObjectGlobals: Created PersistentFrame Addr=0x000001e814976b60, Size=80, Default__Landscape_Sculpt_Mode_C Function /Engine/Tutorial/Landscape/Landscape_Sculpt_Mode.Landscape_Sculpt_Mode_C:ExecuteUbergraph_Landscape_Sculpt_Mode
[2018.11.05-16.08.02:959][  0]LogConsoleResponse: Display: 
[2018.11.05-16.08.03:322][  0]LogCook: Display: Max memory allowance for cook 16384mb min free memory 0mb
[2018.11.05-16.08.03:323][  0]LogCook: Display: Mobile HDR setting 0
[2018.11.05-16.08.03:323][  0]LogGameplayTags: Display: UGameplayTagsManager::DoneAddingNativeTags. DelegateIsBound: 0
[2018.11.05-16.08.03:323][  0]LogStats: UGameplayTagsManager::ConstructGameplayTagTree: Construct from data asset -  0.000 s
[2018.11.05-16.08.03:323][  0]LogStats: UGameplayTagsManager::ConstructGameplayTagTree: GameplayTagTreeChangedEvent.Broadcast -  0.000 s
[2018.11.05-16.08.03:423][  0]LogFileCache: Scanning file cache for directory 'C:/guia_ra/guia_ra/Content/' took 0.03s
[2018.11.05-16.08.04:613][  0]SourceControl: Controle de origem desativado
[2018.11.05-16.08.04:613][  0]Cmd: MAP LOAD FILE="../../../../../../guia_ra/guia_ra/Content/HandheldARBP/Maps/HandheldARBlankMap.umap" TEMPLATE=0 SHOWPROGRESS=1 FEATURELEVEL=3
[2018.11.05-16.08.04:614][  0]LightingResults: New page: Compilação de Iluminação
[2018.11.05-16.08.04:622][  0]MapCheck: New page: Verificação de Mapa
[2018.11.05-16.08.04:622][  0]LightingResults: New page: Compilação de Iluminação
[2018.11.05-16.08.04:638][  0]LogUObjectGlobals: Destroyed PersistentFrame Addr=0x000001e814a795a0, Size=88
[2018.11.05-16.08.04:687][  0]LogAIModule: Creating AISystem for world HandheldARBlankMap
[2018.11.05-16.08.04:694][  0]LogEditorServer: Finished looking for orphan Actors (0.000 secs)
[2018.11.05-16.08.04:710][  0]Cmd: MAP CHECKDEP NOCLEARLOG
[2018.11.05-16.08.04:863][  0]MapCheck: Map check complete: 0 Error(s), 0 Warning(s), took 152,444ms to complete.
[2018.11.05-16.08.04:863][  0]LogFileHelpers: Loading map 'HandheldARBlankMap' took 0.250
[2018.11.05-16.08.05:717][  0]LogCollectionManager: Loaded 0 collections in 0.029088 seconds
[2018.11.05-16.08.05:890][  0]LogFileCache: Scanning file cache for directory 'C:/guia_ra/guia_ra/Saved/Collections/' took 0.01s
[2018.11.05-16.08.05:890][  0]LogFileCache: Scanning file cache for directory 'C:/guia_ra/guia_ra/Content/Developers/plnch/Collections/' took 0.01s
[2018.11.05-16.08.05:890][  0]LogFileCache: Scanning file cache for directory 'C:/guia_ra/guia_ra/Content/Collections/' took 0.01s
[2018.11.05-16.08.05:890][  0]LogCollectionManager: Rebuilt the GUID cache for 0 collections in 0.000001 seconds
[2018.11.05-16.08.05:925][  0]LogContentBrowser: Native class hierarchy populated in 0.0326 seconds. Added 2463 classes and 564 folders.
[2018.11.05-16.08.06:030][  0]LogContentBrowser: Native class hierarchy updated for 'WidgetCarousel' in 0.0009 seconds. Added 0 classes and 0 folders.
[2018.11.05-16.08.07:786][  0]LogContentBrowser: Native class hierarchy updated for 'AddContentDialog' in 0.0008 seconds. Added 0 classes and 0 folders.
[2018.11.05-16.08.07:868][  0]LogContentBrowser: Native class hierarchy updated for 'SceneOutliner' in 0.0014 seconds. Added 1 classes and 2 folders.
[2018.11.05-16.08.08:386][  0]LogSlate: Took 0.004190 seconds to synchronously load lazily loaded font '../../../Engine/Content/Slate/Fonts/Roboto-Regular.ttf' (155K)
[2018.11.05-16.08.08:397][  0]LogSlate: Took 0.000561 seconds to synchronously load lazily loaded font '../../../Engine/Content/Slate/Fonts/Roboto-Bold.ttf' (160K)
[2018.11.05-16.08.08:552][  0]LogSlate: Took 0.028724 seconds to synchronously load lazily loaded font '../../../Engine/Content/Editor/Slate/Fonts/FontAwesome.ttf' (139K)
[2018.11.05-16.08.09:052][  0]LogRenderer: Reallocating scene render targets to support 704x276 Format 10 NumSamples 1 (Frame:1).
[2018.11.05-16.08.09:753][  0]LogContentBrowser: Native class hierarchy updated for 'HierarchicalLODOutliner' in 0.0005 seconds. Added 0 classes and 0 folders.
[2018.11.05-16.08.09:753][  0]LogLoad: (Engine Initialization) Total time: 37.72 seconds
[2018.11.05-16.08.09:753][  0]LogLoad: (Engine Initialization) Total Blueprint compile time: 0.00 seconds
[2018.11.05-16.08.09:843][  0]LogWindowsTextInputMethodSystem: Display: IME system now deactivated.
[2018.11.05-16.08.09:886][  0]LogContentStreaming: Texture pool size now 1000 MB
[2018.11.05-16.08.10:146][  1]LogSlate: Took 0.083363 seconds to synchronously load lazily loaded font '../../../Engine/Content/Slate/Fonts/Roboto-Light.ttf' (167K)
[2018.11.05-16.08.10:207][  3]LogAssetRegistry: Asset discovery search completed in 22.1282 seconds
[2018.11.05-16.08.10:212][  3]LogCollectionManager: Rebuilt the object cache for 0 collections in 0.000000 seconds (found 0 objects)
[2018.11.05-16.08.10:212][  3]LogCollectionManager: Fixed up redirectors for 0 collections in 0.000100 seconds (updated 0 objects)
[2018.11.05-16.20.34:214][615]LogHttp: Warning: 000001E8149B4B80: request failed, libcurl error: 6 (Couldn't resolve host name)
[2018.11.05-16.20.34:214][615]LogHttp: Warning: 000001E8149B4B80: libcurl info message cache 0 (Found bundle for host datarouter.ol.epicgames.com: 0x1e82712ffe8 [can pipeline])
[2018.11.05-16.20.34:214][615]LogHttp: Warning: 000001E8149B4B80: libcurl info message cache 1 (Re-using existing connection! (#4) with host datarouter.ol.epicgames.com)
[2018.11.05-16.20.34:215][615]LogHttp: Warning: 000001E8149B4B80: libcurl info message cache 2 (Connected to datarouter.ol.epicgames.com (107.23.186.239) port 443 (#4))
[2018.11.05-16.20.34:215][615]LogHttp: Warning: 000001E8149B4B80: libcurl info message cache 3 (upload completely sent off: 703 out of 703 bytes)
[2018.11.05-16.20.34:215][615]LogHttp: Warning: 000001E8149B4B80: libcurl info message cache 4 (SSL read: error:00000000:lib(0):func(0):reason(0), errno 10054)
[2018.11.05-16.20.34:215][615]LogHttp: Warning: 000001E8149B4B80: libcurl info message cache 5 (Connection died, retrying a fresh connect)
[2018.11.05-16.20.34:215][615]LogHttp: Warning: 000001E8149B4B80: libcurl info message cache 6 (Closing connection 4)
[2018.11.05-16.20.34:215][615]LogHttp: Warning: 000001E8149B4B80: libcurl info message cache 7 (Issue another request to this URL: 'https://datarouter.ol.epicgames.com/datarouter/api/v1/public/data?SessionID=%7B1F49DCA6-407E-4166-0BA5-B1AE0C94A457%7D&AppID=UEEditor.Rocket.Release&AppVersion=4.19.2-4033788%2B%2B%2BUE4%2BRelease-4.19&UserID=0584ac2744f0df3246d86daac2f2a6c1%7C1896bf41fe3843e4b0713576eda185c4%7Cbb138914-9353-4030-99ad-6fb701decf32&AppEnvironment=datacollector-binary&UploadType=eteventstream')
[2018.11.05-16.20.34:215][615]LogHttp: Warning: 000001E8149B4B80: libcurl info message cache 8 (Could not resolve host: datarouter.ol.epicgames.com)
[2018.11.05-16.20.34:215][615]LogHttp: Warning: 000001E8149B4B80: libcurl info message cache 9 (Closing connection 5)
[2018.11.05-16.22.34:242][813]LogHttp: Warning: 000001E8149B4400: request failed, libcurl error: 6 (Couldn't resolve host name)
[2018.11.05-16.22.34:243][813]LogHttp: Warning: 000001E8149B4400: libcurl info message cache 0 (Could not resolve host: datarouter.ol.epicgames.com)
[2018.11.05-16.22.34:243][813]LogHttp: Warning: 000001E8149B4400: libcurl info message cache 1 (Closing connection 6)
[2018.11.05-16.24.34:280][ 13]LogHttp: Warning: 000001E8149B6E00: request failed, libcurl error: 6 (Couldn't resolve host name)
[2018.11.05-16.24.34:280][ 13]LogHttp: Warning: 000001E8149B6E00: libcurl info message cache 0 (Could not resolve host: datarouter.ol.epicgames.com)
[2018.11.05-16.24.34:281][ 13]LogHttp: Warning: 000001E8149B6E00: libcurl info message cache 1 (Closing connection 7)
[2018.11.05-16.26.34:315][212]LogHttp: Warning: 000001E8149B5600: request failed, libcurl error: 6 (Couldn't resolve host name)
[2018.11.05-16.26.34:315][212]LogHttp: Warning: 000001E8149B5600: libcurl info message cache 0 (Could not resolve host: datarouter.ol.epicgames.com)
[2018.11.05-16.26.34:315][212]LogHttp: Warning: 000001E8149B5600: libcurl info message cache 1 (Closing connection 8)
[2018.11.05-16.28.34:360][403]LogHttp: Warning: 000001E8149B4D00: request failed, libcurl error: 6 (Couldn't resolve host name)
[2018.11.05-16.28.34:361][403]LogHttp: Warning: 000001E8149B4D00: libcurl info message cache 0 (Could not resolve host: datarouter.ol.epicgames.com)
[2018.11.05-16.28.34:361][403]LogHttp: Warning: 000001E8149B4D00: libcurl info message cache 1 (Closing connection 9)
[2018.11.05-16.28.56:039][702]LogSlate: FSceneViewport::OnFocusLost() reason 0
[2018.11.05-16.28.56:132][706]LogRenderer: Reallocating scene render targets to support 704x280 Format 10 NumSamples 1 (Frame:74704).
[2018.11.05-16.28.56:177][707]LogRenderer: Reallocating scene render targets to support 704x300 Format 10 NumSamples 1 (Frame:74706).
[2018.11.05-16.28.56:235][708]LogRenderer: Reallocating scene render targets to support 704x344 Format 10 NumSamples 1 (Frame:74708).
[2018.11.05-16.28.56:291][709]LogRenderer: Reallocating scene render targets to support 704x376 Format 10 NumSamples 1 (Frame:74710).
[2018.11.05-16.28.56:339][710]LogRenderer: Reallocating scene render targets to support 704x384 Format 10 NumSamples 1 (Frame:74712).
[2018.11.05-16.31.35:401][204]LogHttp: Warning: 000001E8055DB280: request failed, libcurl error: 6 (Couldn't resolve host name)
[2018.11.05-16.31.35:401][204]LogHttp: Warning: 000001E8055DB280: libcurl info message cache 0 (Could not resolve host: datarouter.ol.epicgames.com)
[2018.11.05-16.31.35:401][204]LogHttp: Warning: 000001E8055DB280: libcurl info message cache 1 (Closing connection 10)
[2018.11.05-16.31.55:393][ 21]LogSlate: Window 'guia_ra - Editor do Unreal' being destroyed
[2018.11.05-16.31.55:673][ 22]Cmd: QUIT_EDITOR
[2018.11.05-16.31.55:897][ 22]LogWindowsTextInputMethodSystem: Display: IME system now deactivated.
[2018.11.05-16.31.55:933][ 22]LogSlate: Slate User Destroyed.  User Index 0, Is Virtual User: 0
[2018.11.05-16.31.55:934][ 22]LogExit: Preparing to exit.
[2018.11.05-16.31.56:282][ 22]LogDirectoryWatcher: A directory notification for 'C:/guia_ra/guia_ra/Content/' was aborted.
[2018.11.05-16.31.56:314][ 22]LogExit: Editor shut down
[2018.11.05-16.31.56:339][ 22]LogExit: Transaction tracking system shut down
[2018.11.05-16.31.56:340][ 22]LogUObjectGlobals: Destroyed PersistentFrame Addr=0x000001e814976b60, Size=80
[2018.11.05-16.31.56:543][ 22]LogDirectoryWatcher: A directory notification for '../../../Engine/Content/' was aborted.
[2018.11.05-16.31.56:543][ 22]LogDirectoryWatcher: A directory notification for '../../../../../../guia_ra/guia_ra/Content/' was aborted.
[2018.11.05-16.31.56:544][ 22]LogDirectoryWatcher: A directory notification for '../../Plugins/2D/Paper2D/Content/' was aborted.
[2018.11.05-16.31.56:544][ 22]LogDirectoryWatcher: A directory notification for '../../Plugins/Enterprise/DatasmithContent/Content/' was aborted.
[2018.11.05-16.31.56:544][ 22]LogDirectoryWatcher: A directory notification for '../../Plugins/Media/MediaCompositing/Content/' was aborted.
[2018.11.05-16.31.56:544][ 22]LogDirectoryWatcher: A directory notification for '../../Plugins/Runtime/AppleARKit/Content/' was aborted.
[2018.11.05-16.31.56:544][ 22]LogDirectoryWatcher: A directory notification for '../../Plugins/Runtime/GoogleARCore/Content/' was aborted.
[2018.11.05-16.31.56:544][ 22]LogDirectoryWatcher: A directory notification for '../../Plugins/Runtime/Oculus/OculusVR/Content/' was aborted.
[2018.11.05-16.31.56:544][ 22]LogDirectoryWatcher: A directory notification for '../../Plugins/Runtime/Steam/SteamVR/Content/' was aborted.
[2018.11.05-16.31.56:675][ 22]LogExit: Object subsystem successfully closed.
[2018.11.05-16.31.56:690][ 22]LogShaderCompilers: Display: Shaders left to compile 0
[2018.11.05-16.31.56:696][ 22]LogD3D11RHI: Shutdown
[2018.11.05-16.31.56:696][ 22]LogD3D11RHI: CleanupD3DDevice
[2018.11.05-16.31.56:703][ 22]LogD3D11RHI: ~FD3D11DynamicRHI
[2018.11.05-16.31.56:768][ 22]LogModuleManager: Shutting down and abandoning module HierarchicalLODOutliner (578)
[2018.11.05-16.31.56:768][ 22]LogModuleManager: Shutting down and abandoning module SceneOutliner (576)
[2018.11.05-16.31.56:768][ 22]LogModuleManager: Shutting down and abandoning module AddContentDialog (574)
[2018.11.05-16.31.56:768][ 22]LogDirectoryWatcher: A directory notification for 'C:/Program Files/Epic Games/UE_4.19/FeaturePacks/' was aborted.
[2018.11.05-16.31.56:770][ 22]LogModuleManager: Shutting down and abandoning module WidgetCarousel (573)
[2018.11.05-16.31.56:770][ 22]LogModuleManager: Shutting down and abandoning module EditorWidgets (570)
[2018.11.05-16.31.56:770][ 22]LogModuleManager: Shutting down and abandoning module CollectionManager (568)
[2018.11.05-16.31.56:770][ 22]LogDirectoryWatcher: A directory notification for 'C:/guia_ra/guia_ra/Content/Collections/' was aborted.
[2018.11.05-16.31.56:770][ 22]LogDirectoryWatcher: A directory notification for 'C:/guia_ra/guia_ra/Content/Developers/plnch/Collections/' was aborted.
[2018.11.05-16.31.56:771][ 22]LogDirectoryWatcher: A directory notification for 'C:/guia_ra/guia_ra/Saved/Collections/' was aborted.
[2018.11.05-16.31.56:771][ 22]LogModuleManager: Shutting down and abandoning module StatsViewer (566)
[2018.11.05-16.31.56:771][ 22]LogModuleManager: Shutting down and abandoning module FoliageEdit (564)
[2018.11.05-16.31.56:771][ 22]LogModuleManager: Shutting down and abandoning module LandscapeEditor (562)
[2018.11.05-16.31.56:771][ 22]LogModuleManager: Shutting down and abandoning module MeshPaintMode (560)
[2018.11.05-16.31.56:772][ 22]LogModuleManager: Shutting down and abandoning module SceneDepthPickerMode (558)
[2018.11.05-16.31.56:772][ 22]LogModuleManager: Shutting down and abandoning module ActorPickerMode (556)
[2018.11.05-16.31.56:772][ 22]LogModuleManager: Shutting down and abandoning module GeometryMode (554)
[2018.11.05-16.31.56:772][ 22]LogModuleManager: Shutting down and abandoning module TextureAlignMode (552)
[2018.11.05-16.31.56:772][ 22]LogModuleManager: Shutting down and abandoning module BspMode (550)
[2018.11.05-16.31.56:772][ 22]LogModuleManager: Shutting down and abandoning module PIEPreviewDeviceProfileSelector (548)
[2018.11.05-16.31.56:772][ 22]LogModuleManager: Shutting down and abandoning module HardwareSurvey (546)
[2018.11.05-16.31.56:772][ 22]LogModuleManager: Shutting down and abandoning module SequenceRecorderSections (544)
[2018.11.05-16.31.56:772][ 22]LogModuleManager: Shutting down and abandoning module AutomationWorker (542)
[2018.11.05-16.31.56:772][ 22]LogModuleManager: Shutting down and abandoning module AudioCaptureEditor (540)
[2018.11.05-16.31.56:772][ 22]LogModuleManager: Shutting down and abandoning module SequenceRecorder (539)
[2018.11.05-16.31.56:772][ 22]LogModuleManager: Shutting down and abandoning module MatineeToLevelSequence (536)
[2018.11.05-16.31.56:773][ 22]LogModuleManager: Shutting down and abandoning module LevelSequenceEditor (534)
[2018.11.05-16.31.56:773][ 22]LogModuleManager: Shutting down and abandoning module PlacementMode (533)
[2018.11.05-16.31.56:773][ 22]LogModuleManager: Shutting down and abandoning module MaterialEditor (532)
[2018.11.05-16.31.56:773][ 22]LogModuleManager: Shutting down and abandoning module WmfMediaFactory (528)
[2018.11.05-16.31.56:773][ 22]LogModuleManager: Shutting down and abandoning module WmfMediaEditor (526)
[2018.11.05-16.31.56:773][ 22]LogModuleManager: Shutting down and abandoning module MediaPlayerEditor (524)
[2018.11.05-16.31.56:773][ 22]LogModuleManager: Shutting down and abandoning module OpenExrWrapper (522)
[2018.11.05-16.31.56:773][ 22]LogModuleManager: Shutting down and abandoning module ImgMediaFactory (520)
[2018.11.05-16.31.56:773][ 22]LogModuleManager: Shutting down and abandoning module ImgMediaEditor (518)
[2018.11.05-16.31.56:773][ 22]LogModuleManager: Shutting down and abandoning module AvfMediaFactory (516)
[2018.11.05-16.31.56:773][ 22]LogModuleManager: Shutting down and abandoning module AvfMediaEditor (514)
[2018.11.05-16.31.56:773][ 22]LogModuleManager: Shutting down and abandoning module AndroidMediaFactory (512)
[2018.11.05-16.31.56:773][ 22]LogModuleManager: Shutting down and abandoning module AndroidMediaEditor (510)
[2018.11.05-16.31.56:773][ 22]LogModuleManager: Shutting down and abandoning module CharacterAI (508)
[2018.11.05-16.31.56:773][ 22]LogModuleManager: Shutting down and abandoning module SmartSnapping (506)
[2018.11.05-16.31.56:773][ 22]LogModuleManager: Shutting down and abandoning module SessionServices (504)
[2018.11.05-16.31.56:774][ 22]LogModuleManager: Shutting down and abandoning module ViewportSnapping (502)
[2018.11.05-16.31.56:774][ 22]LogModuleManager: Shutting down and abandoning module ViewportInteraction (500)
[2018.11.05-16.31.56:774][ 22]LogModuleManager: Shutting down and abandoning module ClothPainter (498)
[2018.11.05-16.31.56:774][ 22]LogModuleManager: Shutting down and abandoning module SkeletalMeshEditor (497)
[2018.11.05-16.31.56:774][ 22]LogModuleManager: Shutting down and abandoning module LogVisualizer (494)
[2018.11.05-16.31.56:774][ 22]LogModuleManager: Shutting down and abandoning module IntroTutorials (492)
[2018.11.05-16.31.56:774][ 22]LogModuleManager: Shutting down and abandoning module GameProjectGeneration (491)
[2018.11.05-16.31.56:774][ 22]LogModuleManager: Shutting down and abandoning module IOSPlatformEditor (488)
[2018.11.05-16.31.56:774][ 22]LogModuleManager: Shutting down and abandoning module HTML5PlatformEditor (486)
[2018.11.05-16.31.56:774][ 22]LogModuleManager: Shutting down and abandoning module AndroidPlatformEditor (484)
[2018.11.05-16.31.56:774][ 22]LogModuleManager: Shutting down and abandoning module AndroidDeviceDetection (483)
[2018.11.05-16.31.57:639][ 22]LogModuleManager: Shutting down and abandoning module WindowsPlatformEditor (480)
[2018.11.05-16.31.57:639][ 22]LogModuleManager: Shutting down and abandoning module IOSRuntimeSettings (478)
[2018.11.05-16.31.57:640][ 22]LogModuleManager: Shutting down and abandoning module AndroidRuntimeSettings (476)
[2018.11.05-16.31.57:640][ 22]LogModuleManager: Shutting down and abandoning module InputBindingEditor (474)
[2018.11.05-16.31.57:640][ 22]LogModuleManager: Shutting down and abandoning module MergeActors (472)
[2018.11.05-16.31.57:640][ 22]LogModuleManager: Shutting down and abandoning module LocalizationDashboard (470)
[2018.11.05-16.31.57:640][ 22]LogModuleManager: Shutting down and abandoning module LocalizationService (469)
[2018.11.05-16.31.57:640][ 22]LogModuleManager: Shutting down and abandoning module HardwareTargeting (466)
[2018.11.05-16.31.57:640][ 22]LogModuleManager: Shutting down and abandoning module DeviceProfileEditor (464)
[2018.11.05-16.31.57:640][ 22]LogModuleManager: Shutting down and abandoning module UndoHistory (462)
[2018.11.05-16.31.57:640][ 22]LogModuleManager: Shutting down and abandoning module XmlParser (460)
[2018.11.05-16.31.57:641][ 22]LogModuleManager: Shutting down and abandoning module Blutility (458)
[2018.11.05-16.31.57:641][ 22]LogModuleManager: Shutting down and abandoning module ProjectSettingsViewer (456)
[2018.11.05-16.31.57:641][ 22]LogModuleManager: Shutting down and abandoning module ProjectTargetPlatformEditor (455)
[2018.11.05-16.31.57:641][ 22]LogModuleManager: Shutting down and abandoning module EditorSettingsViewer (452)
[2018.11.05-16.31.57:641][ 22]LogModuleManager: Shutting down and abandoning module SettingsEditor (450)
[2018.11.05-16.31.57:642][ 22]LogModuleManager: Shutting down and abandoning module ProjectLauncher (448)
[2018.11.05-16.31.57:642][ 22]LogModuleManager: Shutting down and abandoning module SessionFrontend (446)
[2018.11.05-16.31.57:642][ 22]LogModuleManager: Shutting down and abandoning module ProfilerClient (444)
[2018.11.05-16.31.57:642][ 22]LogModuleManager: Shutting down and abandoning module DeviceManager (442)
[2018.11.05-16.31.57:642][ 22]LogModuleManager: Shutting down and abandoning module TargetDeviceServices (441)
[2018.11.05-16.31.57:742][ 22]LogModuleManager: Shutting down and abandoning module AutomationController (438)
[2018.11.05-16.31.57:742][ 22]LogModuleManager: Shutting down and abandoning module AutomationWindow (436)
[2018.11.05-16.31.57:742][ 22]LogModuleManager: Shutting down and abandoning module Layers (434)
[2018.11.05-16.31.57:743][ 22]LogModuleManager: Shutting down and abandoning module ComponentVisualizers (432)
[2018.11.05-16.31.57:743][ 22]LogModuleManager: Shutting down and abandoning module DetailCustomizations (430)
[2018.11.05-16.31.57:743][ 22]LogModuleManager: Shutting down and abandoning module PackagesDialog (428)
[2018.11.05-16.31.57:743][ 22]LogModuleManager: Shutting down and abandoning module Persona (426)
[2018.11.05-16.31.57:743][ 22]LogModuleManager: Shutting down and abandoning module AdvancedPreviewScene (425)
[2018.11.05-16.31.57:743][ 22]LogModuleManager: Shutting down and abandoning module AnimGraph (423)
[2018.11.05-16.31.57:743][ 22]LogModuleManager: Shutting down and abandoning module Kismet (420)
[2018.11.05-16.31.57:744][ 22]LogModuleManager: Shutting down and abandoning module GraphEditor (418)
[2018.11.05-16.31.57:744][ 22]LogModuleManager: Shutting down and abandoning module ClassViewer (416)
[2018.11.05-16.31.57:744][ 22]LogModuleManager: Shutting down and abandoning module Toolbox (414)
[2018.11.05-16.31.57:744][ 22]LogModuleManager: Shutting down and abandoning module ModuleUI (412)
[2018.11.05-16.31.57:744][ 22]LogModuleManager: Shutting down and abandoning module MovieSceneTools (410)
[2018.11.05-16.31.57:744][ 22]LogModuleManager: Shutting down and abandoning module OutputLog (408)
[2018.11.05-16.31.57:744][ 22]LogModuleManager: Shutting down and abandoning module GammaUI (406)
[2018.11.05-16.31.57:744][ 22]LogModuleManager: Shutting down and abandoning module Documentation (404)
[2018.11.05-16.31.57:744][ 22]LogModuleManager: Shutting down and abandoning module MovieSceneTracks (402)
[2018.11.05-16.31.57:744][ 22]LogModuleManager: Shutting down and abandoning module MovieScene (400)
[2018.11.05-16.31.57:744][ 22]LogModuleManager: Shutting down and abandoning module StreamingPauseRendering (398)
[2018.11.05-16.31.57:744][ 22]LogModuleManager: Shutting down and abandoning module LauncherPlatform (396)
[2018.11.05-16.31.57:744][ 22]LogModuleManager: Shutting down and abandoning module AnalyticsET (394)
[2018.11.05-16.31.57:744][ 22]LogModuleManager: Shutting down and abandoning module PortalServices (392)
[2018.11.05-16.31.57:744][ 22]LogModuleManager: Shutting down and abandoning module PortalRpc (390)
[2018.11.05-16.31.57:744][ 22]LogModuleManager: Shutting down and abandoning module MessagingRpc (388)
[2018.11.05-16.31.57:744][ 22]LogModuleManager: Shutting down and abandoning module AIModule (386)
[2018.11.05-16.31.57:744][ 22]LogModuleManager: Shutting down and abandoning module GameplayDebugger (385)
[2018.11.05-16.31.57:760][ 22]LogModuleManager: Shutting down and abandoning module AITestSuite (383)
[2018.11.05-16.31.57:760][ 22]LogModuleManager: Shutting down and abandoning module DesktopPlatform (380)
[2018.11.05-16.31.57:760][ 22]LogModuleManager: Shutting down and abandoning module ProfilerService (378)
[2018.11.05-16.31.57:883][ 22]LogModuleManager: Shutting down and abandoning module TaskGraph (376)
[2018.11.05-16.31.57:883][ 22]LogModuleManager: Shutting down and abandoning module SteamVRController (374)
[2018.11.05-16.31.57:883][ 22]LogModuleManager: Shutting down and abandoning module ProceduralMeshComponentEditor (372)
[2018.11.05-16.31.57:883][ 22]LogModuleManager: Shutting down and abandoning module ProceduralMeshComponent (370)
[2018.11.05-16.31.57:883][ 22]LogModuleManager: Shutting down and abandoning module OculusInput (368)
[2018.11.05-16.31.57:884][ 22]LogModuleManager: Shutting down and abandoning module MobilePatchingUtils (366)
[2018.11.05-16.31.57:884][ 22]LogModuleManager: Shutting down and abandoning module GoogleARCoreBase (364)
[2018.11.05-16.31.57:884][ 22]LogModuleManager: Shutting down and abandoning module CustomMeshComponent (362)
[2018.11.05-16.31.57:884][ 22]LogModuleManager: Shutting down and abandoning module CableComponent (360)
[2018.11.05-16.31.57:884][ 22]LogModuleManager: Shutting down and abandoning module AudioCapture (358)
[2018.11.05-16.31.57:884][ 22]LogModuleManager: Shutting down and abandoning module ArchVisCharacter (356)
[2018.11.05-16.31.57:884][ 22]LogModuleManager: Shutting down and abandoning module AndroidPermission (354)
[2018.11.05-16.31.57:884][ 22]LogModuleManager: Shutting down and abandoning module NUTUnrealEngine4 (350)
[2018.11.05-16.31.57:884][ 22]LogModuleManager: Shutting down and abandoning module NetcodeUnitTest (348)
[2018.11.05-16.31.57:884][ 22]LogModuleManager: Shutting down and abandoning module MediaCompositingEditor (346)
[2018.11.05-16.31.57:884][ 22]LogModuleManager: Shutting down and abandoning module MediaCompositing (344)
[2018.11.05-16.31.57:884][ 22]LogModuleManager: Shutting down and abandoning module LinearTimecode (342)
[2018.11.05-16.31.57:884][ 22]LogModuleManager: Shutting down and abandoning module ImgMedia (340)
[2018.11.05-16.31.57:889][ 22]LogModuleManager: Shutting down and abandoning module HTML5Networking (338)
[2018.11.05-16.31.57:889][ 22]LogModuleManager: Shutting down and abandoning module AlembicImporter (336)
[2018.11.05-16.31.57:889][ 22]LogModuleManager: Shutting down and abandoning module AlembicLibrary (335)
[2018.11.05-16.31.57:889][ 22]LogModuleManager: Shutting down and abandoning module GeometryCache (334)
[2018.11.05-16.31.57:889][ 22]LogModuleManager: Shutting down and abandoning module GeometryCacheEd (333)
[2018.11.05-16.31.57:889][ 22]LogModuleManager: Shutting down and abandoning module DatasmithContent (328)
[2018.11.05-16.31.57:889][ 22]LogModuleManager: Shutting down and abandoning module SpeedTreeImporter (326)
[2018.11.05-16.31.57:889][ 22]LogModuleManager: Shutting down and abandoning module PluginBrowser (324)
[2018.11.05-16.31.57:889][ 22]LogModuleManager: Shutting down and abandoning module MobileLauncherProfileWizard (322)
[2018.11.05-16.31.57:889][ 22]LogModuleManager: Shutting down and abandoning module CryptoKeysOpenSSL (320)
[2018.11.05-16.31.57:889][ 22]LogModuleManager: Shutting down and abandoning module CryptoKeys (318)
[2018.11.05-16.31.57:889][ 22]LogModuleManager: Shutting down and abandoning module VisualStudioSourceCodeAccess (316)
[2018.11.05-16.31.57:889][ 22]LogModuleManager: Shutting down and abandoning module VisualStudioCodeSourceCodeAccess (314)
[2018.11.05-16.31.57:889][ 22]LogModuleManager: Shutting down and abandoning module UObjectPlugin (312)
[2018.11.05-16.31.57:890][ 22]LogModuleManager: Shutting down and abandoning module SubversionSourceControl (310)
[2018.11.05-16.31.57:890][ 22]LogModuleManager: Shutting down and abandoning module PerforceSourceControl (308)
[2018.11.05-16.31.57:890][ 22]LogModuleManager: Shutting down and abandoning module GitSourceControl (306)
[2018.11.05-16.31.57:890][ 22]LogModuleManager: Shutting down and abandoning module SourceControl (305)
[2018.11.05-16.31.57:890][ 22]LogModuleManager: Shutting down and abandoning module CLionSourceCodeAccess (302)
[2018.11.05-16.31.57:890][ 22]LogModuleManager: Shutting down and abandoning module LightPropagationVolumeEditor (300)
[2018.11.05-16.31.57:890][ 22]LogModuleManager: Shutting down and abandoning module PaperTiledImporter (298)
[2018.11.05-16.31.57:890][ 22]LogModuleManager: Shutting down and abandoning module PaperSpriteSheetImporter (296)
[2018.11.05-16.31.57:890][ 22]LogModuleManager: Shutting down and abandoning module Paper2DEditor (294)
[2018.11.05-16.31.57:890][ 22]LogModuleManager: Shutting down and abandoning module MeshPaint (293)
[2018.11.05-16.31.57:890][ 22]LogModuleManager: Shutting down and abandoning module RuntimePhysXCooking (290)
[2018.11.05-16.31.57:890][ 22]LogModuleManager: Shutting down and abandoning module PhysXVehiclesEditor (288)
[2018.11.05-16.31.57:890][ 22]LogModuleManager: Shutting down and abandoning module PhysXVehicles (286)
[2018.11.05-16.31.57:890][ 22]LogModuleManager: Shutting down and abandoning module OculusEditor (284)
[2018.11.05-16.31.57:890][ 22]LogModuleManager: Shutting down and abandoning module LocationServicesBPLibrary (282)
[2018.11.05-16.31.57:890][ 22]LogModuleManager: Shutting down and abandoning module ImmediatePhysicsEditor (280)
[2018.11.05-16.31.57:890][ 22]LogModuleManager: Shutting down and abandoning module ImmediatePhysics (278)
[2018.11.05-16.31.57:890][ 22]LogModuleManager: Shutting down and abandoning module ActorSequence (276)
[2018.11.05-16.31.57:890][ 22]LogModuleManager: Shutting down and abandoning module UdpMessaging (274)
[2018.11.05-16.31.57:991][ 22]LogModuleManager: Shutting down and abandoning module TcpMessaging (272)
[2018.11.05-16.31.58:092][ 22]LogModuleManager: Shutting down and abandoning module GameplayTagsEditor (270)
[2018.11.05-16.31.58:092][ 22]LogModuleManager: Shutting down and abandoning module FacialAnimationEditor (268)
[2018.11.05-16.31.58:092][ 22]LogModuleManager: Shutting down and abandoning module FacialAnimation (266)
[2018.11.05-16.31.58:092][ 22]LogModuleManager: Shutting down and abandoning module DataValidation (264)
[2018.11.05-16.31.58:092][ 22]LogModuleManager: Shutting down and abandoning module AssetManagerEditor (262)
[2018.11.05-16.31.58:092][ 22]LogModuleManager: Shutting down and abandoning module LevelEditor (261)
[2018.11.05-16.31.58:093][ 22]LogModuleManager: Shutting down and abandoning module PixelInspectorModule (260)
[2018.11.05-16.31.58:094][ 22]LogModuleManager: Shutting down and abandoning module CommonMenuExtensions (258)
[2018.11.05-16.31.58:094][ 22]LogModuleManager: Shutting down and abandoning module MainFrame (256)
[2018.11.05-16.31.58:094][ 22]LogModuleManager: Shutting down and abandoning module HotReload (255)
[2018.11.05-16.31.58:095][ 22]LogModuleManager: Shutting down and abandoning module ContentBrowser (251)
[2018.11.05-16.31.58:097][ 22]LogModuleManager: Shutting down and abandoning module TreeMap (249)
[2018.11.05-16.31.58:097][ 22]LogModuleManager: Shutting down and abandoning module LightPropagationVolumeRuntime (246)
[2018.11.05-16.31.58:097][ 22]LogModuleManager: Shutting down and abandoning module LiveLinkEditor (244)
[2018.11.05-16.31.58:097][ 22]LogModuleManager: Shutting down and abandoning module LiveLink (242)
[2018.11.05-16.31.58:939][ 22]LogModuleManager: Shutting down and abandoning module Paper2D (240)
[2018.11.05-16.31.58:939][ 22]LogModuleManager: Shutting down and abandoning module WindowsMoviePlayer (238)
[2018.11.05-16.31.58:939][ 22]LogModuleManager: Shutting down and abandoning module WmfMedia (236)
[2018.11.05-16.31.58:942][ 22]LogModuleManager: Shutting down and abandoning module Media (235)
[2018.11.05-16.31.58:949][ 22]LogModuleManager: Shutting down and abandoning module PacketHandler (232)
[2018.11.05-16.31.58:949][ 22]LogModuleManager: Shutting down and abandoning module ClothingSystemEditor (230)
[2018.11.05-16.31.58:949][ 22]LogModuleManager: Shutting down and abandoning module ClothingSystemRuntime (228)
[2018.11.05-16.31.58:950][ 22]LogModuleManager: Shutting down and abandoning module MediaAssets (226)
[2018.11.05-16.31.58:950][ 22]LogModuleManager: Shutting down and abandoning module Overlay (224)
[2018.11.05-16.31.58:950][ 22]LogModuleManager: Shutting down and abandoning module OverlayEditor (223)
[2018.11.05-16.31.58:950][ 22]LogModuleManager: Shutting down and abandoning module VREditor (220)
[2018.11.05-16.31.58:950][ 22]LogModuleManager: Shutting down and abandoning module StringTableEditor (218)
[2018.11.05-16.31.58:950][ 22]LogModuleManager: Shutting down and abandoning module GameplayTasksEditor (216)
[2018.11.05-16.31.58:950][ 22]LogModuleManager: Shutting down and abandoning module BehaviorTreeEditor (214)
[2018.11.05-16.31.58:950][ 22]LogModuleManager: Shutting down and abandoning module FunctionalTesting (212)
[2018.11.05-16.31.58:951][ 22]LogModuleManager: Shutting down and abandoning module CollisionAnalyzer (210)
[2018.11.05-16.31.58:951][ 22]LogModuleManager: Shutting down and abandoning module WorkspaceMenuStructure (209)
[2018.11.05-16.31.58:951][ 22]LogModuleManager: Shutting down and abandoning module UMG (206)
[2018.11.05-16.31.58:951][ 22]LogModuleManager: Shutting down and abandoning module UMGEditor (205)
[2018.11.05-16.31.58:951][ 22]LogModuleManager: Shutting down and abandoning module Sequencer (204)
[2018.11.05-16.31.58:952][ 22]LogModuleManager: Shutting down and abandoning module MessageLog (201)
[2018.11.05-16.31.58:952][ 22]LogModuleManager: Shutting down and abandoning module SlateReflector (196)
[2018.11.05-16.31.58:952][ 22]LogModuleManager: Shutting down and abandoning module Slate (194)
[2018.11.05-16.31.58:952][ 22]LogModuleManager: Shutting down and abandoning module EditorStyle (192)
[2018.11.05-16.31.58:959][ 22]LogModuleManager: Shutting down and abandoning module MRMesh (190)
[2018.11.05-16.31.58:959][ 22]LogModuleManager: Shutting down and abandoning module SourceCodeAccess (188)
[2018.11.05-16.31.58:959][ 22]LogModuleManager: Shutting down and abandoning module HeadMountedDisplay (186)
[2018.11.05-16.31.58:959][ 22]LogModuleManager: Shutting down and abandoning module XAudio2 (184)
[2018.11.05-16.31.58:959][ 22]LogModuleManager: Shutting down and abandoning module Networking (182)
[2018.11.05-16.31.58:959][ 22]LogModuleManager: Shutting down and abandoning module Core (180)
[2018.11.05-16.31.58:959][ 22]LogModuleManager: Shutting down and abandoning module LevelSequence (178)
[2018.11.05-16.31.58:959][ 22]LogModuleManager: Shutting down and abandoning module KismetCompiler (176)
[2018.11.05-16.31.58:959][ 22]LogModuleManager: Shutting down and abandoning module MeshUtilities (174)
[2018.11.05-16.31.58:960][ 22]LogModuleManager: Shutting down and abandoning module MeshMergeUtilities (173)
[2018.11.05-16.31.58:960][ 22]LogModuleManager: Shutting down and abandoning module MeshReductionInterface (172)
[2018.11.05-16.31.58:960][ 22]LogModuleManager: Shutting down and abandoning module SimplygonSwarm (171)
[2018.11.05-16.31.58:960][ 22]LogModuleManager: Shutting down and abandoning module SimplygonMeshReduction (169)
[2018.11.05-16.31.58:960][ 22]LogModuleManager: Shutting down and abandoning module QuadricMeshReduction (167)
[2018.11.05-16.31.58:960][ 22]LogModuleManager: Shutting down and abandoning module MaterialBaking (163)
[2018.11.05-16.31.58:961][ 22]LogModuleManager: Shutting down and abandoning module DirectoryWatcher (159)
[2018.11.05-16.31.58:968][ 22]LogModuleManager: Shutting down and abandoning module DerivedDataCache (156)
[2018.11.05-16.31.59:023][ 22]LogDerivedDataCache: Shutdown
[2018.11.05-16.31.59:023][ 22]LogModuleManager: Shutting down and abandoning module XGEController (154)
[2018.11.05-16.31.59:023][ 22]LogModuleManager: Shutting down and abandoning module TargetPlatform (152)
[2018.11.05-16.31.59:023][ 22]LogModuleManager: Shutting down and abandoning module VulkanShaderFormat (151)
[2018.11.05-16.31.59:023][ 22]LogModuleManager: Shutting down and abandoning module ShaderFormatVectorVM (149)
[2018.11.05-16.31.59:023][ 22]LogModuleManager: Shutting down and abandoning module ShaderFormatOpenGL (147)
[2018.11.05-16.31.59:023][ 22]LogModuleManager: Shutting down and abandoning module ShaderFormatD3D (145)
[2018.11.05-16.31.59:023][ 22]LogModuleManager: Shutting down and abandoning module MetalShaderFormat (143)
[2018.11.05-16.31.59:023][ 22]LogModuleManager: Shutting down and abandoning module TextureFormatUncompressed (141)
[2018.11.05-16.31.59:023][ 22]LogModuleManager: Shutting down and abandoning module TextureFormatPVR (139)
[2018.11.05-16.31.59:023][ 22]LogModuleManager: Shutting down and abandoning module TextureFormatDXT (137)
[2018.11.05-16.31.59:023][ 22]LogModuleManager: Shutting down and abandoning module TextureFormatIntelISPCTexComp (135)
[2018.11.05-16.31.59:023][ 22]LogModuleManager: Shutting down and abandoning module TextureFormatASTC (133)
[2018.11.05-16.31.59:023][ 22]LogModuleManager: Shutting down and abandoning module ImageWrapper (132)
[2018.11.05-16.31.59:023][ 22]LogModuleManager: Shutting down and abandoning module TextureFormatAndroid (129)
[2018.11.05-16.31.59:023][ 22]LogModuleManager: Shutting down and abandoning module AudioFormatOpus (127)
[2018.11.05-16.31.59:023][ 22]LogModuleManager: Shutting down and abandoning module AudioFormatOgg (125)
[2018.11.05-16.31.59:023][ 22]LogModuleManager: Shutting down and abandoning module AudioFormatADPCM (123)
[2018.11.05-16.31.59:023][ 22]LogModuleManager: Shutting down and abandoning module LinuxTargetPlatform (121)
[2018.11.05-16.31.59:023][ 22]LogModuleManager: Shutting down and abandoning module LinuxServerTargetPlatform (119)
[2018.11.05-16.31.59:023][ 22]LogModuleManager: Shutting down and abandoning module LinuxNoEditorTargetPlatform (117)
[2018.11.05-16.31.59:024][ 22]LogModuleManager: Shutting down and abandoning module LinuxClientTargetPlatform (115)
[2018.11.05-16.31.59:024][ 22]LogModuleManager: Shutting down and abandoning module TVOSTargetPlatform (113)
[2018.11.05-16.31.59:024][ 22]LogModuleManager: Shutting down and abandoning module Messaging (111)
[2018.11.05-16.31.59:024][ 22]LogModuleManager: Shutting down and abandoning module IOSTargetPlatform (109)
[2018.11.05-16.31.59:024][ 22]LogModuleManager: Shutting down and abandoning module HTML5TargetPlatform (107)
[2018.11.05-16.31.59:024][ 22]LogModuleManager: Shutting down and abandoning module AndroidTargetPlatform (105)
[2018.11.05-16.31.59:024][ 22]LogModuleManager: Shutting down and abandoning module Android_PVRTCTargetPlatform (103)
[2018.11.05-16.31.59:024][ 22]LogModuleManager: Shutting down and abandoning module Android_MultiTargetPlatform (101)
[2018.11.05-16.31.59:024][ 22]LogModuleManager: Shutting down and abandoning module Android_ETC2TargetPlatform (99)
[2018.11.05-16.31.59:024][ 22]LogModuleManager: Shutting down and abandoning module Android_ETC1TargetPlatform (97)
[2018.11.05-16.31.59:024][ 22]LogModuleManager: Shutting down and abandoning module Android_ETC1aTargetPlatform (95)
[2018.11.05-16.31.59:024][ 22]LogModuleManager: Shutting down and abandoning module Android_DXTTargetPlatform (93)
[2018.11.05-16.31.59:024][ 22]LogModuleManager: Shutting down and abandoning module Android_ATCTargetPlatform (91)
[2018.11.05-16.31.59:024][ 22]LogModuleManager: Shutting down and abandoning module Android_ASTCTargetPlatform (89)
[2018.11.05-16.31.59:024][ 22]LogModuleManager: Shutting down and abandoning module WindowsTargetPlatform (87)
[2018.11.05-16.31.59:024][ 22]LogModuleManager: Shutting down and abandoning module WindowsServerTargetPlatform (85)
[2018.11.05-16.31.59:024][ 22]LogModuleManager: Shutting down and abandoning module WindowsNoEditorTargetPlatform (83)
[2018.11.05-16.31.59:024][ 22]LogModuleManager: Shutting down and abandoning module WindowsClientTargetPlatform (81)
[2018.11.05-16.31.59:024][ 22]LogModuleManager: Shutting down and abandoning module MacTargetPlatform (79)
[2018.11.05-16.31.59:024][ 22]LogModuleManager: Shutting down and abandoning module MacServerTargetPlatform (77)
[2018.11.05-16.31.59:024][ 22]LogModuleManager: Shutting down and abandoning module MacNoEditorTargetPlatform (75)
[2018.11.05-16.31.59:024][ 22]LogModuleManager: Shutting down and abandoning module MacClientTargetPlatform (73)
[2018.11.05-16.31.59:024][ 22]LogModuleManager: Shutting down and abandoning module AllDesktopTargetPlatform (71)
[2018.11.05-16.31.59:024][ 22]LogModuleManager: Shutting down and abandoning module InputCore (68)
[2018.11.05-16.31.59:024][ 22]LogModuleManager: Shutting down and abandoning module Settings (66)
[2018.11.05-16.31.59:024][ 22]LogModuleManager: Shutting down and abandoning module PhysXCooking (64)
[2018.11.05-16.31.59:024][ 22]LogModuleManager: Shutting down and abandoning module SteamVR (62)
[2018.11.05-16.31.59:024][ 22]LogModuleManager: Shutting down and abandoning module OculusHMD (60)
[2018.11.05-16.31.59:024][ 22]LogModuleManager: Shutting down and abandoning module GoogleARCoreRendering (58)
[2018.11.05-16.31.59:024][ 22]LogModuleManager: Shutting down and abandoning module ExampleDeviceProfileSelector (56)
[2018.11.05-16.31.59:024][ 22]LogModuleManager: Shutting down and abandoning module AppleARKit (54)
[2018.11.05-16.31.59:024][ 22]LogModuleManager: Shutting down and abandoning module AugmentedReality (51)
[2018.11.05-16.31.59:024][ 22]LogModuleManager: Shutting down and abandoning module OnlineBlueprintSupport (48)
[2018.11.05-16.31.59:024][ 22]LogModuleManager: Shutting down and abandoning module OnlineSubsystem (44)
[2018.11.05-16.31.59:024][ 22]LogModuleManager: Shutting down and abandoning module XMPP (43)
[2018.11.05-16.31.59:025][ 22]LogModuleManager: Shutting down and abandoning module HTTP (41)
[2018.11.05-16.31.59:025][ 22]LogHttp: Display: Http module shutting down, but needs to wait on 1 outstanding Http requests:
[2018.11.05-16.31.59:025][ 22]LogHttp: Display: 	verb=[POST] url=[https://datarouter.ol.epicgames.com/datarouter/api/v1/public/data?SessionID=%7B1F49DCA6-407E-4166-0BA5-B1AE0C94A457%7D&AppID=UEEditor.Rocket.Release&AppVersion=4.19.2-4033788%2B%2B%2BUE4%2BRelease-4.19&UserID=0584ac2744f0df3246d86daac2f2a6c1%7C1896bf41fe3843e4b0713576eda185c4%7Cbb138914-9353-4030-99ad-6fb701decf32&AppEnvironment=datacollector-binary&UploadType=eteventstream] status=Processing
[2018.11.05-16.31.59:025][ 22]LogHttp: Warning: 000001E8055DB100: request failed, libcurl error: 6 (Couldn't resolve host name)
[2018.11.05-16.31.59:025][ 22]LogHttp: Warning: 000001E8055DB100: libcurl info message cache 0 (Could not resolve host: datarouter.ol.epicgames.com)
[2018.11.05-16.31.59:025][ 22]LogHttp: Warning: 000001E8055DB100: libcurl info message cache 1 (Closing connection 11)
[2018.11.05-16.31.59:027][ 22]LogModuleManager: Shutting down and abandoning module SSL (40)
[2018.11.05-16.31.59:029][ 22]LogModuleManager: Shutting down and abandoning module AnimationModifiers (36)
[2018.11.05-16.31.59:029][ 22]LogModuleManager: Shutting down and abandoning module PropertyEditor (35)
[2018.11.05-16.31.59:029][ 22]LogModuleManager: Shutting down and abandoning module AudioEditor (32)
[2018.11.05-16.31.59:029][ 22]LogModuleManager: Shutting down and abandoning module TextureCompressor (30)
[2018.11.05-16.31.59:030][ 22]LogModuleManager: Shutting down and abandoning module ShaderCore (28)
[2018.11.05-16.31.59:030][ 22]LogModuleManager: Shutting down and abandoning module Landscape (26)
[2018.11.05-16.31.59:030][ 22]LogModuleManager: Shutting down and abandoning module SlateRHIRenderer (24)
[2018.11.05-16.31.59:031][ 22]LogModuleManager: Shutting down and abandoning module OpenGLDrv (22)
[2018.11.05-16.31.59:031][ 22]LogModuleManager: Shutting down and abandoning module D3D11RHI (20)
[2018.11.05-16.31.59:031][ 22]LogModuleManager: Shutting down and abandoning module AnimGraphRuntime (18)
[2018.11.05-16.31.59:031][ 22]LogModuleManager: Shutting down and abandoning module Renderer (16)
[2018.11.05-16.31.59:031][ 22]LogModuleManager: Shutting down and abandoning module Engine (14)
[2018.11.05-16.31.59:031][ 22]LogModuleManager: Shutting down and abandoning module CoreUObject (12)
[2018.11.05-16.31.59:031][ 22]LogModuleManager: Shutting down and abandoning module NetworkFile (10)
[2018.11.05-16.31.59:031][ 22]LogModuleManager: Shutting down and abandoning module CookedIterativeFile (8)
[2018.11.05-16.31.59:031][ 22]LogModuleManager: Shutting down and abandoning module StreamingFile (6)
[2018.11.05-16.31.59:031][ 22]LogModuleManager: Shutting down and abandoning module SandboxFile (4)
[2018.11.05-16.31.59:031][ 22]LogModuleManager: Shutting down and abandoning module PakFile (2)
[2018.11.05-16.31.59:035][ 22]LogExit: Exiting.
[2018.11.05-16.31.59:049][ 22]Log file closed, 11/05/18 14:31:59
